<?xml version="1.0" encoding="UTF-8"?>
<coverage generated="1763646113988" clover="3.2.0">
  <project timestamp="1763646113988" name="All files">
    <metrics statements="491" coveredstatements="446" conditionals="319" coveredconditionals="255" methods="118" coveredmethods="106" elements="928" coveredelements="807" complexity="0" loc="491" ncloc="491" packages="9" files="41" classes="41"/>
    <package name="lib">
      <metrics statements="0" coveredstatements="0" conditionals="0" coveredconditionals="0" methods="0" coveredmethods="0"/>
      <file name="index.mjs" path="/Users/oduori/projects/dmvic/lib/index.mjs">
        <metrics statements="0" coveredstatements="0" conditionals="0" coveredconditionals="0" methods="0" coveredmethods="0"/>
      </file>
    </package>
    <package name="lib.api">
      <metrics statements="48" coveredstatements="47" conditionals="25" coveredconditionals="21" methods="8" coveredmethods="8"/>
      <file name="authenticate.mjs" path="/Users/oduori/projects/dmvic/lib/api/authenticate.mjs">
        <metrics statements="3" coveredstatements="3" conditionals="0" coveredconditionals="0" methods="1" coveredmethods="1"/>
        <line num="5" count="2" type="stmt"/>
        <line num="6" count="2" type="stmt"/>
        <line num="11" count="2" type="stmt"/>
      </file>
      <file name="cancel-certificate.mjs" path="/Users/oduori/projects/dmvic/lib/api/cancel-certificate.mjs">
        <metrics statements="4" coveredstatements="4" conditionals="0" coveredconditionals="0" methods="1" coveredmethods="1"/>
        <line num="5" count="2" type="stmt"/>
        <line num="6" count="4" type="stmt"/>
        <line num="12" count="3" type="stmt"/>
        <line num="17" count="3" type="stmt"/>
      </file>
      <file name="check-insurance-status.mjs" path="/Users/oduori/projects/dmvic/lib/api/check-insurance-status.mjs">
        <metrics statements="5" coveredstatements="5" conditionals="5" coveredconditionals="4" methods="1" coveredmethods="1"/>
        <line num="5" count="2" type="cond" truecount="0" falsecount="1"/>
        <line num="6" count="7" type="cond" truecount="4" falsecount="0"/>
        <line num="7" count="1" type="stmt"/>
        <line num="10" count="6" type="stmt"/>
        <line num="16" count="4" type="stmt"/>
      </file>
      <file name="get-certificate-pdf.mjs" path="/Users/oduori/projects/dmvic/lib/api/get-certificate-pdf.mjs">
        <metrics statements="3" coveredstatements="3" conditionals="0" coveredconditionals="0" methods="1" coveredmethods="1"/>
        <line num="4" count="2" type="stmt"/>
        <line num="5" count="2" type="stmt"/>
        <line num="8" count="2" type="stmt"/>
      </file>
      <file name="initialize.mjs" path="/Users/oduori/projects/dmvic/lib/api/initialize.mjs">
        <metrics statements="11" coveredstatements="11" conditionals="12" coveredconditionals="10" methods="1" coveredmethods="1"/>
        <line num="4" count="2" type="stmt"/>
        <line num="5" count="9" type="cond" truecount="4" falsecount="0"/>
        <line num="6" count="4" type="stmt"/>
        <line num="9" count="5" type="stmt"/>
        <line num="11" count="5" type="cond" truecount="4" falsecount="0"/>
        <line num="12" count="1" type="stmt"/>
        <line num="15" count="4" type="cond" truecount="1" falsecount="1"/>
        <line num="16" count="4" type="stmt"/>
        <line num="18" count="3" type="cond" truecount="1" falsecount="1"/>
        <line num="19" count="3" type="stmt"/>
        <line num="20" count="3" type="stmt"/>
      </file>
      <file name="request-insurance-certificate.mjs" path="/Users/oduori/projects/dmvic/lib/api/request-insurance-certificate.mjs">
        <metrics statements="11" coveredstatements="10" conditionals="2" coveredconditionals="1" methods="1" coveredmethods="1"/>
        <line num="10" count="2" type="stmt"/>
        <line num="11" count="24" type="stmt"/>
        <line num="13" count="16" type="stmt"/>
        <line num="14" count="16" type="stmt"/>
        <line num="15" count="16" type="stmt"/>
        <line num="17" count="4" type="cond" truecount="1" falsecount="1"/>
        <line num="18" count="0" type="stmt"/>
        <line num="20" count="4" type="stmt"/>
        <line num="23" count="12" type="stmt"/>
        <line num="24" count="8" type="stmt"/>
        <line num="26" count="8" type="stmt"/>
      </file>
      <file name="stock-status.mjs" path="/Users/oduori/projects/dmvic/lib/api/stock-status.mjs">
        <metrics statements="4" coveredstatements="4" conditionals="0" coveredconditionals="0" methods="1" coveredmethods="1"/>
        <line num="5" count="2" type="stmt"/>
        <line num="6" count="93" type="stmt"/>
        <line num="8" count="62" type="stmt"/>
        <line num="12" count="62" type="stmt"/>
      </file>
      <file name="verify-insurance-certificate.mjs" path="/Users/oduori/projects/dmvic/lib/api/verify-insurance-certificate.mjs">
        <metrics statements="7" coveredstatements="7" conditionals="6" coveredconditionals="6" methods="1" coveredmethods="1"/>
        <line num="4" count="2" type="stmt"/>
        <line num="8" count="10" type="cond" truecount="2" falsecount="0"/>
        <line num="9" count="3" type="stmt"/>
        <line num="12" count="7" type="cond" truecount="4" falsecount="0"/>
        <line num="13" count="1" type="stmt"/>
        <line num="16" count="6" type="stmt"/>
        <line num="22" count="6" type="stmt"/>
      </file>
    </package>
    <package name="lib.config">
      <metrics statements="10" coveredstatements="10" conditionals="3" coveredconditionals="3" methods="3" coveredmethods="3"/>
      <file name="api-configs.mjs" path="/Users/oduori/projects/dmvic/lib/config/api-configs.mjs">
        <metrics statements="10" coveredstatements="10" conditionals="3" coveredconditionals="3" methods="3" coveredmethods="3"/>
        <line num="1" count="7" type="stmt"/>
        <line num="7" count="2" type="stmt"/>
        <line num="9" count="2" type="cond" truecount="2" falsecount="0"/>
        <line num="10" count="1" type="stmt"/>
        <line num="13" count="1" type="stmt"/>
        <line num="16" count="7" type="stmt"/>
        <line num="17" count="7" type="stmt"/>
        <line num="18" count="21" type="stmt"/>
        <line num="19" count="84" type="stmt"/>
        <line num="25" count="7" type="stmt"/>
      </file>
    </package>
    <package name="lib.utils">
      <metrics statements="238" coveredstatements="218" conditionals="168" coveredconditionals="123" methods="67" coveredmethods="63"/>
      <file name="api-helpers.mjs" path="/Users/oduori/projects/dmvic/lib/utils/api-helpers.mjs">
        <metrics statements="20" coveredstatements="20" conditionals="17" coveredconditionals="14" methods="5" coveredmethods="5"/>
        <line num="4" count="2" type="stmt"/>
        <line num="5" count="15" type="cond" truecount="4" falsecount="0"/>
        <line num="6" count="6" type="stmt"/>
        <line num="9" count="9" type="cond" truecount="2" falsecount="0"/>
        <line num="10" count="6" type="stmt"/>
        <line num="14" count="2" type="stmt"/>
        <line num="21" count="5" type="stmt"/>
        <line num="22" count="5" type="stmt"/>
        <line num="31" count="2" type="stmt"/>
        <line num="32" count="23" type="cond" truecount="2" falsecount="0"/>
        <line num="33" count="1" type="stmt"/>
        <line num="36" count="22" type="cond" truecount="2" falsecount="0"/>
        <line num="37" count="1" type="stmt"/>
        <line num="40" count="21" type="cond" truecount="2" falsecount="0"/>
        <line num="41" count="1" type="stmt"/>
        <line num="45" count="2" type="cond" truecount="1" falsecount="0"/>
        <line num="46" count="15" type="stmt"/>
        <line num="47" count="3" type="stmt"/>
        <line num="50" count="2" type="cond" truecount="1" falsecount="0"/>
        <line num="51" count="2" type="stmt"/>
      </file>
      <file name="cache.mjs" path="/Users/oduori/projects/dmvic/lib/utils/cache.mjs">
        <metrics statements="7" coveredstatements="7" conditionals="0" coveredconditionals="0" methods="5" coveredmethods="5"/>
        <line num="1" count="2" type="stmt"/>
        <line num="2" count="2" type="stmt"/>
        <line num="3" count="2" type="stmt"/>
        <line num="4" count="4" type="stmt"/>
        <line num="6" count="5" type="stmt"/>
        <line num="8" count="3" type="stmt"/>
        <line num="10" count="7" type="stmt"/>
      </file>
      <file name="cancellation-reasons.mjs" path="/Users/oduori/projects/dmvic/lib/utils/cancellation-reasons.mjs">
        <metrics statements="1" coveredstatements="1" conditionals="0" coveredconditionals="0" methods="0" coveredmethods="0"/>
        <line num="1" count="3" type="stmt"/>
      </file>
      <file name="certificates-handler.mjs" path="/Users/oduori/projects/dmvic/lib/utils/certificates-handler.mjs">
        <metrics statements="19" coveredstatements="18" conditionals="4" coveredconditionals="3" methods="3" coveredmethods="3"/>
        <line num="11" count="3" type="stmt"/>
        <line num="12" count="5" type="stmt"/>
        <line num="13" count="5" type="stmt"/>
        <line num="14" count="10" type="stmt"/>
        <line num="16" count="10" type="stmt"/>
        <line num="18" count="0" type="stmt"/>
        <line num="23" count="5" type="stmt"/>
        <line num="26" count="3" type="cond" truecount="1" falsecount="0"/>
        <line num="27" count="12" type="stmt"/>
        <line num="29" count="5" type="stmt"/>
        <line num="34" count="5" type="stmt"/>
        <line num="35" count="5" type="stmt"/>
        <line num="36" count="5" type="stmt"/>
        <line num="38" count="5" type="stmt"/>
        <line num="39" count="5" type="stmt"/>
        <line num="42" count="3" type="cond" truecount="0" falsecount="1"/>
        <line num="43" count="2" type="cond" truecount="2" falsecount="0"/>
        <line num="44" count="1" type="stmt"/>
        <line num="46" count="1" type="stmt"/>
      </file>
      <file name="constants.mjs" path="/Users/oduori/projects/dmvic/lib/utils/constants.mjs">
        <metrics statements="13" coveredstatements="13" conditionals="0" coveredconditionals="0" methods="0" coveredmethods="0"/>
        <line num="3" count="5" type="stmt"/>
        <line num="12" count="5" type="stmt"/>
        <line num="17" count="5" type="stmt"/>
        <line num="22" count="5" type="stmt"/>
        <line num="26" count="5" type="stmt"/>
        <line num="31" count="5" type="stmt"/>
        <line num="36" count="5" type="stmt"/>
        <line num="41" count="5" type="stmt"/>
        <line num="46" count="5" type="stmt"/>
        <line num="51" count="5" type="stmt"/>
        <line num="57" count="5" type="stmt"/>
        <line num="63" count="5" type="stmt"/>
        <line num="65" count="5" type="stmt"/>
      </file>
      <file name="dmvic-error-responses.mjs" path="/Users/oduori/projects/dmvic/lib/utils/dmvic-error-responses.mjs">
        <metrics statements="1" coveredstatements="1" conditionals="0" coveredconditionals="0" methods="0" coveredmethods="0"/>
        <line num="1" count="1" type="stmt"/>
      </file>
      <file name="generate-insurance-payload.mjs" path="/Users/oduori/projects/dmvic/lib/utils/generate-insurance-payload.mjs">
        <metrics statements="6" coveredstatements="6" conditionals="2" coveredconditionals="2" methods="2" coveredmethods="2"/>
        <line num="11" count="51" type="stmt"/>
        <line num="20" count="2" type="stmt"/>
        <line num="21" count="55" type="stmt"/>
        <line num="40" count="54" type="cond" truecount="2" falsecount="0"/>
        <line num="41" count="51" type="stmt"/>
        <line num="43" count="53" type="stmt"/>
      </file>
      <file name="http-client.mjs" path="/Users/oduori/projects/dmvic/lib/utils/http-client.mjs">
        <metrics statements="10" coveredstatements="10" conditionals="2" coveredconditionals="2" methods="2" coveredmethods="2"/>
        <line num="9" count="2" type="stmt"/>
        <line num="10" count="5" type="cond" truecount="2" falsecount="0"/>
        <line num="12" count="4" type="stmt"/>
        <line num="13" count="3" type="stmt"/>
        <line num="14" count="2" type="stmt"/>
        <line num="15" count="2" type="stmt"/>
        <line num="24" count="2" type="stmt"/>
        <line num="27" count="2" type="stmt"/>
        <line num="28" count="4" type="stmt"/>
        <line num="30" count="2" type="stmt"/>
      </file>
      <file name="insurers.mjs" path="/Users/oduori/projects/dmvic/lib/utils/insurers.mjs">
        <metrics statements="1" coveredstatements="1" conditionals="0" coveredconditionals="0" methods="0" coveredmethods="0"/>
        <line num="2" count="6" type="stmt"/>
      </file>
      <file name="logger.mjs" path="/Users/oduori/projects/dmvic/lib/utils/logger.mjs">
        <metrics statements="10" coveredstatements="10" conditionals="9" coveredconditionals="9" methods="2" coveredmethods="2"/>
        <line num="2" count="20" type="stmt"/>
        <line num="4" count="30" type="cond" truecount="4" falsecount="0"/>
        <line num="5" count="6" type="stmt"/>
        <line num="6" count="6" type="stmt"/>
        <line num="8" count="1" type="stmt"/>
        <line num="11" count="24" type="stmt"/>
        <line num="15" count="20" type="stmt"/>
        <line num="16" count="20" type="cond" truecount="2" falsecount="0"/>
        <line num="21" count="3" type="stmt"/>
        <line num="24" count="17" type="stmt"/>
      </file>
      <file name="omit-empty-values.mjs" path="/Users/oduori/projects/dmvic/lib/utils/omit-empty-values.mjs">
        <metrics statements="4" coveredstatements="4" conditionals="5" coveredconditionals="5" methods="2" coveredmethods="2"/>
        <line num="1" count="3" type="stmt"/>
        <line num="2" count="29" type="cond" truecount="5" falsecount="0"/>
        <line num="3" count="6" type="stmt"/>
        <line num="5" count="57" type="stmt"/>
      </file>
      <file name="parse-http-response.mjs" path="/Users/oduori/projects/dmvic/lib/utils/parse-http-response.mjs">
        <metrics statements="23" coveredstatements="4" conditionals="24" coveredconditionals="0" methods="4" coveredmethods="0"/>
        <line num="4" count="1" type="stmt"/>
        <line num="6" count="0" type="cond" truecount="0" falsecount="2"/>
        <line num="7" count="0" type="stmt"/>
        <line num="21" count="0" type="stmt"/>
        <line num="31" count="1" type="stmt"/>
        <line num="32" count="0" type="stmt"/>
        <line num="33" count="0" type="cond" truecount="0" falsecount="2"/>
        <line num="34" count="0" type="stmt"/>
        <line num="37" count="0" type="stmt"/>
        <line num="40" count="1" type="stmt"/>
        <line num="45" count="0" type="cond" truecount="0" falsecount="3"/>
        <line num="53" count="0" type="stmt"/>
        <line num="54" count="0" type="cond" truecount="0" falsecount="2"/>
        <line num="55" count="0" type="cond" truecount="0" falsecount="2"/>
        <line num="56" count="0" type="stmt"/>
        <line num="59" count="0" type="stmt"/>
        <line num="71" count="1" type="stmt"/>
        <line num="73" count="0" type="stmt"/>
        <line num="74" count="0" type="stmt"/>
        <line num="75" count="0" type="cond" truecount="0" falsecount="2"/>
        <line num="79" count="0" type="stmt"/>
        <line num="81" count="0" type="stmt"/>
        <line num="84" count="0" type="stmt"/>
      </file>
      <file name="payload-schema.mjs" path="/Users/oduori/projects/dmvic/lib/utils/payload-schema.mjs">
        <metrics statements="92" coveredstatements="92" conditionals="84" coveredconditionals="69" methods="35" coveredmethods="35"/>
        <line num="17" count="2" type="stmt"/>
        <line num="23" count="2" type="stmt"/>
        <line num="28" count="2" type="stmt"/>
        <line num="29" count="1133" type="cond" truecount="2" falsecount="0"/>
        <line num="31" count="2" type="stmt"/>
        <line num="35" count="658" type="stmt"/>
        <line num="37" count="173" type="stmt"/>
        <line num="39" count="485" type="stmt"/>
        <line num="40" count="485" type="stmt"/>
        <line num="42" count="141" type="stmt"/>
        <line num="46" count="344" type="stmt"/>
        <line num="49" count="159" type="stmt"/>
        <line num="59" count="114" type="cond" truecount="1" falsecount="1"/>
        <line num="60" count="114" type="stmt"/>
        <line num="61" count="114" type="stmt"/>
        <line num="64" count="114" type="cond" truecount="1" falsecount="1"/>
        <line num="66" count="114" type="stmt"/>
        <line num="67" count="114" type="cond" truecount="1" falsecount="1"/>
        <line num="69" count="114" type="stmt"/>
        <line num="70" count="114" type="stmt"/>
        <line num="71" count="114" type="stmt"/>
        <line num="73" count="114" type="stmt"/>
        <line num="79" count="114" type="cond" truecount="1" falsecount="1"/>
        <line num="81" count="114" type="stmt"/>
        <line num="82" count="114" type="cond" truecount="1" falsecount="1"/>
        <line num="84" count="114" type="stmt"/>
        <line num="85" count="114" type="stmt"/>
        <line num="90" count="114" type="stmt"/>
        <line num="95" count="114" type="stmt"/>
        <line num="101" count="131" type="cond" truecount="1" falsecount="1"/>
        <line num="102" count="131" type="stmt"/>
        <line num="103" count="131" type="stmt"/>
        <line num="109" count="126" type="cond" truecount="4" falsecount="0"/>
        <line num="111" count="122" type="stmt"/>
        <line num="112" count="122" type="stmt"/>
        <line num="114" count="122" type="cond" truecount="4" falsecount="0"/>
        <line num="115" count="5" type="stmt"/>
        <line num="117" count="117" type="stmt"/>
        <line num="122" count="117" type="stmt"/>
        <line num="128" count="117" type="stmt"/>
        <line num="135" count="116" type="cond" truecount="3" falsecount="1"/>
        <line num="137" count="116" type="stmt"/>
        <line num="138" count="116" type="cond" truecount="1" falsecount="1"/>
        <line num="140" count="116" type="stmt"/>
        <line num="141" count="116" type="cond" truecount="1" falsecount="1"/>
        <line num="143" count="116" type="stmt"/>
        <line num="144" count="116" type="stmt"/>
        <line num="149" count="495" type="stmt"/>
        <line num="150" count="338" type="stmt"/>
        <line num="152" count="157" type="stmt"/>
        <line num="155" count="42" type="stmt"/>
        <line num="168" count="154" type="stmt"/>
        <line num="169" count="154" type="stmt"/>
        <line num="170" count="154" type="cond" truecount="1" falsecount="1"/>
        <line num="172" count="154" type="cond" truecount="2" falsecount="0"/>
        <line num="173" count="153" type="cond" truecount="4" falsecount="0"/>
        <line num="174" count="152" type="cond" truecount="4" falsecount="0"/>
        <line num="175" count="151" type="cond" truecount="2" falsecount="0"/>
        <line num="177" count="150" type="cond" truecount="1" falsecount="1"/>
        <line num="178" count="150" type="cond" truecount="4" falsecount="0"/>
        <line num="179" count="149" type="cond" truecount="4" falsecount="0"/>
        <line num="180" count="148" type="cond" truecount="2" falsecount="0"/>
        <line num="182" count="147" type="cond" truecount="2" falsecount="0"/>
        <line num="183" count="146" type="stmt"/>
        <line num="199" count="181" type="cond" truecount="2" falsecount="0"/>
        <line num="200" count="1" type="cond" truecount="1" falsecount="1"/>
        <line num="201" count="1" type="cond" truecount="1" falsecount="1"/>
        <line num="202" count="1" type="cond" truecount="3" falsecount="1"/>
        <line num="203" count="1" type="stmt"/>
        <line num="216" count="194" type="cond" truecount="2" falsecount="0"/>
        <line num="217" count="187" type="cond" truecount="4" falsecount="0"/>
        <line num="218" count="183" type="stmt"/>
        <line num="224" count="578" type="stmt"/>
        <line num="225" count="284" type="stmt"/>
        <line num="227" count="294" type="stmt"/>
        <line num="230" count="110" type="stmt"/>
        <line num="238" count="248" type="cond" truecount="3" falsecount="1"/>
        <line num="239" count="248" type="stmt"/>
        <line num="240" count="248" type="stmt"/>
        <line num="252" count="638" type="stmt"/>
        <line num="253" count="242" type="stmt"/>
        <line num="255" count="396" type="stmt"/>
        <line num="258" count="177" type="stmt"/>
        <line num="262" count="667" type="stmt"/>
        <line num="263" count="201" type="stmt"/>
        <line num="265" count="466" type="stmt"/>
        <line num="268" count="221" type="stmt"/>
        <line num="275" count="349" type="stmt"/>
        <line num="276" count="349" type="stmt"/>
        <line num="277" count="349" type="cond" truecount="3" falsecount="0"/>
        <line num="278" count="349" type="cond" truecount="3" falsecount="0"/>
        <line num="279" count="349" type="stmt"/>
      </file>
      <file name="request-handler.mjs" path="/Users/oduori/projects/dmvic/lib/utils/request-handler.mjs">
        <metrics statements="10" coveredstatements="10" conditionals="8" coveredconditionals="6" methods="1" coveredmethods="1"/>
        <line num="6" count="2" type="cond" truecount="0" falsecount="2"/>
        <line num="7" count="8" type="cond" truecount="4" falsecount="0"/>
        <line num="8" count="1" type="stmt"/>
        <line num="11" count="7" type="stmt"/>
        <line num="12" count="7" type="stmt"/>
        <line num="18" count="7" type="stmt"/>
        <line num="19" count="7" type="stmt"/>
        <line num="26" count="6" type="stmt"/>
        <line num="27" count="5" type="stmt"/>
        <line num="29" count="2" type="stmt"/>
      </file>
      <file name="secrets-handler.mjs" path="/Users/oduori/projects/dmvic/lib/utils/secrets-handler.mjs">
        <metrics statements="9" coveredstatements="9" conditionals="4" coveredconditionals="4" methods="2" coveredmethods="2"/>
        <line num="5" count="3" type="cond" truecount="1" falsecount="0"/>
        <line num="6" count="10" type="stmt"/>
        <line num="12" count="4" type="stmt"/>
        <line num="13" count="20" type="stmt"/>
        <line num="14" count="20" type="stmt"/>
        <line num="18" count="3" type="cond" truecount="1" falsecount="0"/>
        <line num="19" count="6" type="cond" truecount="2" falsecount="0"/>
        <line num="20" count="2" type="stmt"/>
        <line num="23" count="4" type="stmt"/>
      </file>
      <file name="standard-date-format.mjs" path="/Users/oduori/projects/dmvic/lib/utils/standard-date-format.mjs">
        <metrics statements="12" coveredstatements="12" conditionals="9" coveredconditionals="9" methods="4" coveredmethods="4"/>
        <line num="2" count="123" type="stmt"/>
        <line num="3" count="123" type="cond" truecount="4" falsecount="0"/>
        <line num="4" count="111" type="stmt"/>
        <line num="7" count="123" type="cond" truecount="4" falsecount="0"/>
        <line num="8" count="6" type="stmt"/>
        <line num="11" count="117" type="stmt"/>
        <line num="15" count="1" type="stmt"/>
        <line num="19" count="6" type="stmt"/>
        <line num="23" count="248" type="stmt"/>
        <line num="24" count="248" type="stmt"/>
        <line num="25" count="248" type="stmt"/>
        <line num="26" count="248" type="stmt"/>
      </file>
    </package>
    <package name="lib.utils.config-validation">
      <metrics statements="78" coveredstatements="59" conditionals="54" coveredconditionals="44" methods="13" coveredmethods="9"/>
      <file name="certificates-validator.mjs" path="/Users/oduori/projects/dmvic/lib/utils/config-validation/certificates-validator.mjs">
        <metrics statements="54" coveredstatements="39" conditionals="38" coveredconditionals="29" methods="5" coveredmethods="4"/>
        <line num="5" count="11" type="stmt"/>
        <line num="7" count="11" type="stmt"/>
        <line num="8" count="8" type="stmt"/>
        <line num="12" count="8" type="stmt"/>
        <line num="13" count="8" type="stmt"/>
        <line num="14" count="8" type="cond" truecount="2" falsecount="0"/>
        <line num="15" count="2" type="stmt"/>
        <line num="19" count="6" type="stmt"/>
        <line num="23" count="11" type="cond" truecount="5" falsecount="0"/>
        <line num="24" count="2" type="stmt"/>
        <line num="27" count="9" type="stmt"/>
        <line num="28" count="9" type="stmt"/>
        <line num="29" count="15" type="stmt"/>
        <line num="30" count="9" type="cond" truecount="2" falsecount="0"/>
        <line num="31" count="1" type="stmt"/>
        <line num="36" count="8" type="stmt"/>
        <line num="38" count="8" type="cond" truecount="2" falsecount="0"/>
        <line num="39" count="8" type="cond" truecount="2" falsecount="0"/>
        <line num="41" count="8" type="cond" truecount="2" falsecount="0"/>
        <line num="42" count="4" type="stmt"/>
        <line num="44" count="8" type="cond" truecount="2" falsecount="0"/>
        <line num="45" count="4" type="stmt"/>
        <line num="48" count="8" type="cond" truecount="5" falsecount="0"/>
        <line num="49" count="1" type="stmt"/>
        <line num="52" count="8" type="cond" truecount="2" falsecount="0"/>
        <line num="53" count="7" type="stmt"/>
        <line num="56" count="1" type="stmt"/>
        <line num="59" count="11" type="stmt"/>
        <line num="60" count="0" type="stmt"/>
        <line num="62" count="0" type="stmt"/>
        <line num="63" count="0" type="cond" truecount="0" falsecount="2"/>
        <line num="64" count="0" type="stmt"/>
        <line num="65" count="0" type="stmt"/>
        <line num="68" count="0" type="stmt"/>
        <line num="70" count="0" type="cond" truecount="0" falsecount="2"/>
        <line num="71" count="0" type="stmt"/>
        <line num="75" count="0" type="cond" truecount="0" falsecount="2"/>
        <line num="76" count="0" type="stmt"/>
        <line num="81" count="0" type="stmt"/>
        <line num="82" count="0" type="stmt"/>
        <line num="84" count="0" type="stmt"/>
        <line num="88" count="0" type="cond" truecount="0" falsecount="2"/>
        <line num="89" count="0" type="stmt"/>
        <line num="93" count="11" type="stmt"/>
        <line num="94" count="9" type="stmt"/>
        <line num="95" count="9" type="stmt"/>
        <line num="97" count="8" type="cond" truecount="1" falsecount="1"/>
        <line num="98" count="8" type="stmt"/>
        <line num="99" count="6" type="cond" truecount="2" falsecount="0"/>
        <line num="100" count="1" type="stmt"/>
        <line num="106" count="5" type="stmt"/>
        <line num="107" count="5" type="cond" truecount="2" falsecount="0"/>
        <line num="108" count="1" type="stmt"/>
        <line num="111" count="5" type="stmt"/>
      </file>
      <file name="request-certificate-validation.mjs" path="/Users/oduori/projects/dmvic/lib/utils/config-validation/request-certificate-validation.mjs">
        <metrics statements="2" coveredstatements="2" conditionals="0" coveredconditionals="0" methods="1" coveredmethods="1"/>
        <line num="3" count="2" type="stmt"/>
        <line num="4" count="3" type="stmt"/>
      </file>
      <file name="secrets-validator.mjs" path="/Users/oduori/projects/dmvic/lib/utils/config-validation/secrets-validator.mjs">
        <metrics statements="16" coveredstatements="15" conditionals="16" coveredconditionals="15" methods="4" coveredmethods="4"/>
        <line num="1" count="3" type="cond" truecount="1" falsecount="0"/>
        <line num="2" count="16" type="cond" truecount="5" falsecount="0"/>
        <line num="3" count="5" type="stmt"/>
        <line num="6" count="11" type="stmt"/>
        <line num="8" count="31" type="stmt"/>
        <line num="9" count="31" type="stmt"/>
        <line num="10" count="50" type="stmt"/>
        <line num="12" count="11" type="cond" truecount="2" falsecount="0"/>
        <line num="13" count="2" type="stmt"/>
        <line num="18" count="11" type="cond" truecount="2" falsecount="0"/>
        <line num="19" count="8" type="stmt"/>
        <line num="24" count="11" type="stmt"/>
        <line num="25" count="12" type="cond" truecount="3" falsecount="1"/>
        <line num="26" count="0" type="stmt"/>
        <line num="32" count="11" type="cond" truecount="2" falsecount="0"/>
        <line num="33" count="9" type="stmt"/>
      </file>
      <file name="validation-error-handler.mjs" path="/Users/oduori/projects/dmvic/lib/utils/config-validation/validation-error-handler.mjs">
        <metrics statements="5" coveredstatements="2" conditionals="0" coveredconditionals="0" methods="3" coveredmethods="0"/>
        <line num="1" count="2" type="stmt"/>
        <line num="2" count="0" type="stmt"/>
        <line num="3" count="0" type="stmt"/>
        <line num="10" count="2" type="stmt"/>
        <line num="11" count="0" type="stmt"/>
      </file>
      <file name="validation-rules.mjs" path="/Users/oduori/projects/dmvic/lib/utils/config-validation/validation-rules.mjs">
        <metrics statements="1" coveredstatements="1" conditionals="0" coveredconditionals="0" methods="0" coveredmethods="0"/>
        <line num="1" count="3" type="stmt"/>
      </file>
    </package>
    <package name="test">
      <metrics statements="4" coveredstatements="3" conditionals="4" coveredconditionals="3" methods="1" coveredmethods="1"/>
      <file name="random-pick.mjs" path="/Users/oduori/projects/dmvic/test/random-pick.mjs">
        <metrics statements="4" coveredstatements="3" conditionals="4" coveredconditionals="3" methods="1" coveredmethods="1"/>
        <line num="4" count="735" type="cond" truecount="3" falsecount="1"/>
        <line num="5" count="0" type="stmt"/>
        <line num="7" count="735" type="stmt"/>
        <line num="8" count="735" type="stmt"/>
      </file>
    </package>
    <package name="test.factories">
      <metrics statements="26" coveredstatements="23" conditionals="3" coveredconditionals="3" methods="14" coveredmethods="10"/>
      <file name="mock-factory.mjs" path="/Users/oduori/projects/dmvic/test/factories/mock-factory.mjs">
        <metrics statements="21" coveredstatements="18" conditionals="2" coveredconditionals="2" methods="12" coveredmethods="8"/>
        <line num="6" count="7" type="cond" truecount="1" falsecount="0"/>
        <line num="7" count="27" type="stmt"/>
        <line num="12" count="27" type="stmt"/>
        <line num="15" count="7" type="cond" truecount="1" falsecount="0"/>
        <line num="16" count="9" type="stmt"/>
        <line num="24" count="9" type="stmt"/>
        <line num="26" count="9" type="stmt"/>
        <line num="28" count="9" type="stmt"/>
        <line num="35" count="7" type="stmt"/>
        <line num="36" count="6" type="stmt"/>
        <line num="39" count="0" type="stmt"/>
        <line num="43" count="6" type="stmt"/>
        <line num="44" count="0" type="stmt"/>
        <line num="51" count="7" type="stmt"/>
        <line num="58" count="7" type="stmt"/>
        <line num="59" count="6" type="stmt"/>
        <line num="60" count="6" type="stmt"/>
        <line num="66" count="7" type="stmt"/>
        <line num="83" count="0" type="stmt"/>
        <line num="86" count="7" type="stmt"/>
        <line num="87" count="6" type="stmt"/>
      </file>
      <file name="test-credential-generator.mjs" path="/Users/oduori/projects/dmvic/test/factories/test-credential-generator.mjs">
        <metrics statements="5" coveredstatements="5" conditionals="1" coveredconditionals="1" methods="2" coveredmethods="2"/>
        <line num="3" count="4" type="cond" truecount="1" falsecount="0"/>
        <line num="4" count="4" type="stmt"/>
        <line num="5" count="12" type="stmt"/>
        <line num="10" count="12" type="stmt"/>
        <line num="13" count="4" type="stmt"/>
      </file>
    </package>
    <package name="test.fixtures">
      <metrics statements="78" coveredstatements="77" conditionals="62" coveredconditionals="58" methods="12" coveredmethods="12"/>
      <file name="base-payload.mjs" path="/Users/oduori/projects/dmvic/test/fixtures/base-payload.mjs">
        <metrics statements="29" coveredstatements="28" conditionals="28" coveredconditionals="24" methods="7" coveredmethods="7"/>
        <line num="7" count="3" type="stmt"/>
        <line num="9" count="3" type="stmt"/>
        <line num="17" count="3" type="stmt"/>
        <line num="19" count="12" type="stmt"/>
        <line num="20" count="12" type="stmt"/>
        <line num="22" count="312" type="cond" truecount="2" falsecount="0"/>
        <line num="24" count="12" type="stmt"/>
        <line num="26" count="12" type="stmt"/>
        <line num="27" count="12" type="stmt"/>
        <line num="29" count="12" type="stmt"/>
        <line num="31" count="12" type="stmt"/>
        <line num="33" count="12" type="stmt"/>
        <line num="36" count="12" type="cond" truecount="3" falsecount="1"/>
        <line num="39" count="12" type="stmt"/>
        <line num="43" count="3" type="stmt"/>
        <line num="44" count="12" type="stmt"/>
        <line num="45" count="12" type="stmt"/>
        <line num="46" count="12" type="stmt"/>
        <line num="49" count="12" type="stmt"/>
        <line num="52" count="3" type="stmt"/>
        <line num="53" count="12" type="stmt"/>
        <line num="60" count="12" type="stmt"/>
        <line num="64" count="3" type="cond" truecount="0" falsecount="1"/>
        <line num="87" count="12" type="stmt"/>
        <line num="89" count="12" type="cond" truecount="1" falsecount="1"/>
        <line num="90" count="0" type="stmt"/>
        <line num="92" count="12" type="cond" truecount="1" falsecount="1"/>
        <line num="93" count="12" type="stmt"/>
        <line num="95" count="12" type="stmt"/>
      </file>
      <file name="certificate-request-payload.mjs" path="/Users/oduori/projects/dmvic/test/fixtures/certificate-request-payload.mjs">
        <metrics statements="6" coveredstatements="6" conditionals="3" coveredconditionals="3" methods="1" coveredmethods="1"/>
        <line num="8" count="3" type="stmt"/>
        <line num="15" count="3" type="cond" truecount="1" falsecount="0"/>
        <line num="16" count="367" type="cond" truecount="2" falsecount="0"/>
        <line num="17" count="367" type="stmt"/>
        <line num="18" count="367" type="stmt"/>
        <line num="19" count="367" type="stmt"/>
      </file>
      <file name="class-a-certificate-request-payload.mjs" path="/Users/oduori/projects/dmvic/test/fixtures/class-a-certificate-request-payload.mjs">
        <metrics statements="9" coveredstatements="9" conditionals="7" coveredconditionals="7" methods="1" coveredmethods="1"/>
        <line num="11" count="3" type="stmt"/>
        <line num="13" count="3" type="stmt"/>
        <line num="15" count="3" type="cond" truecount="1" falsecount="0"/>
        <line num="19" count="107" type="stmt"/>
        <line num="20" count="107" type="cond" truecount="2" falsecount="0"/>
        <line num="21" count="107" type="cond" truecount="2" falsecount="0"/>
        <line num="22" count="100" type="stmt"/>
        <line num="24" count="7" type="stmt"/>
        <line num="27" count="107" type="stmt"/>
      </file>
      <file name="class-b-certificate-request-payload.mjs" path="/Users/oduori/projects/dmvic/test/fixtures/class-b-certificate-request-payload.mjs">
        <metrics statements="9" coveredstatements="9" conditionals="8" coveredconditionals="8" methods="1" coveredmethods="1"/>
        <line num="11" count="3" type="stmt"/>
        <line num="13" count="3" type="stmt"/>
        <line num="15" count="3" type="cond" truecount="1" falsecount="0"/>
        <line num="20" count="124" type="stmt"/>
        <line num="21" count="124" type="cond" truecount="2" falsecount="0"/>
        <line num="22" count="124" type="cond" truecount="2" falsecount="0"/>
        <line num="23" count="9" type="stmt"/>
        <line num="25" count="115" type="stmt"/>
        <line num="28" count="124" type="stmt"/>
      </file>
      <file name="class-c-certificate-request-payload.mjs" path="/Users/oduori/projects/dmvic/test/fixtures/class-c-certificate-request-payload.mjs">
        <metrics statements="8" coveredstatements="8" conditionals="5" coveredconditionals="5" methods="1" coveredmethods="1"/>
        <line num="6" count="3" type="stmt"/>
        <line num="8" count="3" type="stmt"/>
        <line num="10" count="3" type="cond" truecount="1" falsecount="0"/>
        <line num="11" count="95" type="cond" truecount="2" falsecount="0"/>
        <line num="12" count="95" type="cond" truecount="2" falsecount="0"/>
        <line num="13" count="17" type="stmt"/>
        <line num="15" count="78" type="stmt"/>
        <line num="18" count="95" type="stmt"/>
      </file>
      <file name="class-d-certificate-request-payload.mjs" path="/Users/oduori/projects/dmvic/test/fixtures/class-d-certificate-request-payload.mjs">
        <metrics statements="17" coveredstatements="17" conditionals="11" coveredconditionals="11" methods="1" coveredmethods="1"/>
        <line num="13" count="3" type="stmt"/>
        <line num="15" count="3" type="stmt"/>
        <line num="17" count="3" type="cond" truecount="1" falsecount="0"/>
        <line num="18" count="94" type="cond" truecount="2" falsecount="0"/>
        <line num="19" count="82" type="stmt"/>
        <line num="22" count="94" type="cond" truecount="2" falsecount="0"/>
        <line num="23" count="94" type="cond" truecount="2" falsecount="0"/>
        <line num="24" count="92" type="stmt"/>
        <line num="26" count="2" type="stmt"/>
        <line num="29" count="94" type="stmt"/>
        <line num="30" count="94" type="cond" truecount="2" falsecount="0"/>
        <line num="35" count="55" type="stmt"/>
        <line num="37" count="39" type="stmt"/>
        <line num="40" count="94" type="cond" truecount="2" falsecount="0"/>
        <line num="43" count="38" type="stmt"/>
        <line num="45" count="56" type="stmt"/>
        <line num="48" count="94" type="stmt"/>
      </file>
    </package>
    <package name="test.mocks">
      <metrics statements="9" coveredstatements="9" conditionals="0" coveredconditionals="0" methods="0" coveredmethods="0"/>
      <file name="mocks.mjs" path="/Users/oduori/projects/dmvic/test/mocks/mocks.mjs">
        <metrics statements="9" coveredstatements="9" conditionals="0" coveredconditionals="0" methods="0" coveredmethods="0"/>
        <line num="10" count="6" type="stmt"/>
        <line num="11" count="6" type="stmt"/>
        <line num="12" count="6" type="stmt"/>
        <line num="13" count="6" type="stmt"/>
        <line num="14" count="6" type="stmt"/>
        <line num="15" count="6" type="stmt"/>
        <line num="16" count="6" type="stmt"/>
        <line num="17" count="6" type="stmt"/>
        <line num="18" count="6" type="stmt"/>
      </file>
    </package>
  </project>
</coverage>
