{
    "/Users/oduori/projects/dmvic/lib/index.mjs": {
        "path": "/Users/oduori/projects/dmvic/lib/index.mjs",
        "statementMap": {},
        "fnMap": {},
        "branchMap": {},
        "s": {},
        "f": {},
        "b": {},
        "inputSourceMap": null,
        "_coverageSchema": "1a1c01bbd47fc00a2c39e90264f33305004495a9",
        "hash": "9ea4ec16d6255510fcee5ced4daf044434f2d8ba"
    },
    "/Users/oduori/projects/dmvic/lib/api/authenticate.mjs": {
        "path": "/Users/oduori/projects/dmvic/lib/api/authenticate.mjs",
        "statementMap": {
            "0": { "start": { "line": 5, "column": 21 }, "end": { "line": 12, "column": 1 } },
            "1": { "start": { "line": 6, "column": 24 }, "end": { "line": 9, "column": 5 } },
            "2": { "start": { "line": 11, "column": 4 }, "end": { "line": 11, "column": 76 } }
        },
        "fnMap": {
            "0": {
                "name": "(anonymous_0)",
                "decl": {
                    "start": { "line": 5, "column": 21 },
                    "end": { "line": 5, "column": 22 }
                },
                "loc": { "start": { "line": 5, "column": 33 }, "end": { "line": 12, "column": 1 } },
                "line": 5
            }
        },
        "branchMap": {},
        "s": { "0": 2, "1": 2, "2": 2 },
        "f": { "0": 2 },
        "b": {},
        "inputSourceMap": null,
        "_coverageSchema": "1a1c01bbd47fc00a2c39e90264f33305004495a9",
        "hash": "312896cffe2c47d1d949adc9b590d3e75e564b0e"
    },
    "/Users/oduori/projects/dmvic/lib/api/cancel-certificate.mjs": {
        "path": "/Users/oduori/projects/dmvic/lib/api/cancel-certificate.mjs",
        "statementMap": {
            "0": { "start": { "line": 5, "column": 26 }, "end": { "line": 18, "column": 1 } },
            "1": { "start": { "line": 6, "column": 4 }, "end": { "line": 10, "column": 6 } },
            "2": { "start": { "line": 12, "column": 24 }, "end": { "line": 15, "column": 5 } },
            "3": { "start": { "line": 17, "column": 4 }, "end": { "line": 17, "column": 97 } }
        },
        "fnMap": {
            "0": {
                "name": "(anonymous_0)",
                "decl": {
                    "start": { "line": 5, "column": 26 },
                    "end": { "line": 5, "column": 27 }
                },
                "loc": { "start": { "line": 5, "column": 86 }, "end": { "line": 18, "column": 1 } },
                "line": 5
            }
        },
        "branchMap": {},
        "s": { "0": 2, "1": 4, "2": 3, "3": 3 },
        "f": { "0": 4 },
        "b": {},
        "inputSourceMap": null,
        "_coverageSchema": "1a1c01bbd47fc00a2c39e90264f33305004495a9",
        "hash": "43b2baec02ce13b012c4a1aa525d6d443ddbd746"
    },
    "/Users/oduori/projects/dmvic/lib/api/check-insurance-status.mjs": {
        "path": "/Users/oduori/projects/dmvic/lib/api/check-insurance-status.mjs",
        "statementMap": {
            "0": { "start": { "line": 5, "column": 29 }, "end": { "line": 21, "column": 1 } },
            "1": { "start": { "line": 6, "column": 4 }, "end": { "line": 8, "column": 5 } },
            "2": { "start": { "line": 7, "column": 8 }, "end": { "line": 7, "column": 85 } },
            "3": { "start": { "line": 10, "column": 24 }, "end": { "line": 15, "column": 5 } },
            "4": { "start": { "line": 16, "column": 4 }, "end": { "line": 20, "column": 6 } }
        },
        "fnMap": {
            "0": {
                "name": "(anonymous_0)",
                "decl": {
                    "start": { "line": 5, "column": 29 },
                    "end": { "line": 5, "column": 30 }
                },
                "loc": { "start": { "line": 5, "column": 94 }, "end": { "line": 21, "column": 1 } },
                "line": 5
            }
        },
        "branchMap": {
            "0": {
                "loc": { "start": { "line": 5, "column": 47 }, "end": { "line": 5, "column": 89 } },
                "type": "default-arg",
                "locations": [
                    { "start": { "line": 5, "column": 87 }, "end": { "line": 5, "column": 89 } }
                ],
                "line": 5
            },
            "1": {
                "loc": { "start": { "line": 6, "column": 4 }, "end": { "line": 8, "column": 5 } },
                "type": "if",
                "locations": [
                    { "start": { "line": 6, "column": 4 }, "end": { "line": 8, "column": 5 } },
                    { "start": {}, "end": {} }
                ],
                "line": 6
            },
            "2": {
                "loc": { "start": { "line": 6, "column": 8 }, "end": { "line": 6, "column": 45 } },
                "type": "binary-expr",
                "locations": [
                    { "start": { "line": 6, "column": 8 }, "end": { "line": 6, "column": 27 } },
                    { "start": { "line": 6, "column": 31 }, "end": { "line": 6, "column": 45 } }
                ],
                "line": 6
            }
        },
        "s": { "0": 2, "1": 7, "2": 1, "3": 6, "4": 4 },
        "f": { "0": 7 },
        "b": { "0": [0], "1": [1, 6], "2": [7, 2] },
        "inputSourceMap": null,
        "_coverageSchema": "1a1c01bbd47fc00a2c39e90264f33305004495a9",
        "hash": "16dbd578dd725a6c586a5e265a4f3e7fef4cf83a"
    },
    "/Users/oduori/projects/dmvic/lib/api/get-certificate-pdf.mjs": {
        "path": "/Users/oduori/projects/dmvic/lib/api/get-certificate-pdf.mjs",
        "statementMap": {
            "0": { "start": { "line": 4, "column": 26 }, "end": { "line": 9, "column": 1 } },
            "1": { "start": { "line": 5, "column": 24 }, "end": { "line": 7, "column": 5 } },
            "2": { "start": { "line": 8, "column": 4 }, "end": { "line": 8, "column": 97 } }
        },
        "fnMap": {
            "0": {
                "name": "(anonymous_0)",
                "decl": {
                    "start": { "line": 4, "column": 26 },
                    "end": { "line": 4, "column": 27 }
                },
                "loc": { "start": { "line": 4, "column": 66 }, "end": { "line": 9, "column": 1 } },
                "line": 4
            }
        },
        "branchMap": {},
        "s": { "0": 2, "1": 2, "2": 2 },
        "f": { "0": 2 },
        "b": {},
        "inputSourceMap": null,
        "_coverageSchema": "1a1c01bbd47fc00a2c39e90264f33305004495a9",
        "hash": "42f6ba815c5a99460b37452b8d6b97e0903c324c"
    },
    "/Users/oduori/projects/dmvic/lib/api/initialize.mjs": {
        "path": "/Users/oduori/projects/dmvic/lib/api/initialize.mjs",
        "statementMap": {
            "0": { "start": { "line": 4, "column": 19 }, "end": { "line": 22, "column": 1 } },
            "1": { "start": { "line": 5, "column": 4 }, "end": { "line": 7, "column": 5 } },
            "2": { "start": { "line": 6, "column": 8 }, "end": { "line": 6, "column": 70 } },
            "3": { "start": { "line": 9, "column": 38 }, "end": { "line": 9, "column": 44 } },
            "4": { "start": { "line": 11, "column": 4 }, "end": { "line": 13, "column": 5 } },
            "5": { "start": { "line": 12, "column": 8 }, "end": { "line": 12, "column": 84 } },
            "6": { "start": { "line": 15, "column": 4 }, "end": { "line": 17, "column": 5 } },
            "7": { "start": { "line": 16, "column": 8 }, "end": { "line": 16, "column": 34 } },
            "8": { "start": { "line": 18, "column": 4 }, "end": { "line": 21, "column": 5 } },
            "9": { "start": { "line": 19, "column": 30 }, "end": { "line": 19, "column": 54 } },
            "10": { "start": { "line": 20, "column": 8 }, "end": { "line": 20, "column": 59 } }
        },
        "fnMap": {
            "0": {
                "name": "(anonymous_0)",
                "decl": {
                    "start": { "line": 4, "column": 19 },
                    "end": { "line": 4, "column": 20 }
                },
                "loc": { "start": { "line": 4, "column": 37 }, "end": { "line": 22, "column": 1 } },
                "line": 4
            }
        },
        "branchMap": {
            "0": {
                "loc": { "start": { "line": 5, "column": 4 }, "end": { "line": 7, "column": 5 } },
                "type": "if",
                "locations": [
                    { "start": { "line": 5, "column": 4 }, "end": { "line": 7, "column": 5 } },
                    { "start": {}, "end": {} }
                ],
                "line": 5
            },
            "1": {
                "loc": { "start": { "line": 5, "column": 8 }, "end": { "line": 5, "column": 45 } },
                "type": "binary-expr",
                "locations": [
                    { "start": { "line": 5, "column": 8 }, "end": { "line": 5, "column": 15 } },
                    { "start": { "line": 5, "column": 19 }, "end": { "line": 5, "column": 45 } }
                ],
                "line": 5
            },
            "2": {
                "loc": { "start": { "line": 11, "column": 4 }, "end": { "line": 13, "column": 5 } },
                "type": "if",
                "locations": [
                    { "start": { "line": 11, "column": 4 }, "end": { "line": 13, "column": 5 } },
                    { "start": {}, "end": {} }
                ],
                "line": 11
            },
            "3": {
                "loc": {
                    "start": { "line": 11, "column": 8 },
                    "end": { "line": 11, "column": 33 }
                },
                "type": "binary-expr",
                "locations": [
                    { "start": { "line": 11, "column": 8 }, "end": { "line": 11, "column": 16 } },
                    { "start": { "line": 11, "column": 20 }, "end": { "line": 11, "column": 33 } }
                ],
                "line": 11
            },
            "4": {
                "loc": { "start": { "line": 15, "column": 4 }, "end": { "line": 17, "column": 5 } },
                "type": "if",
                "locations": [
                    { "start": { "line": 15, "column": 4 }, "end": { "line": 17, "column": 5 } },
                    { "start": {}, "end": {} }
                ],
                "line": 15
            },
            "5": {
                "loc": { "start": { "line": 18, "column": 4 }, "end": { "line": 21, "column": 5 } },
                "type": "if",
                "locations": [
                    { "start": { "line": 18, "column": 4 }, "end": { "line": 21, "column": 5 } },
                    { "start": {}, "end": {} }
                ],
                "line": 18
            }
        },
        "s": {
            "0": 2,
            "1": 9,
            "2": 4,
            "3": 5,
            "4": 5,
            "5": 1,
            "6": 4,
            "7": 4,
            "8": 3,
            "9": 3,
            "10": 3
        },
        "f": { "0": 9 },
        "b": { "0": [4, 5], "1": [9, 6], "2": [1, 4], "3": [5, 4], "4": [4, 0], "5": [3, 0] },
        "inputSourceMap": null,
        "_coverageSchema": "1a1c01bbd47fc00a2c39e90264f33305004495a9",
        "hash": "6ef4f001424518b09a2233295063de3826693a13"
    },
    "/Users/oduori/projects/dmvic/lib/api/request-insurance-certificate.mjs": {
        "path": "/Users/oduori/projects/dmvic/lib/api/request-insurance-certificate.mjs",
        "statementMap": {
            "0": { "start": { "line": 10, "column": 36 }, "end": { "line": 27, "column": 1 } },
            "1": { "start": { "line": 11, "column": 4 }, "end": { "line": 11, "column": 91 } },
            "2": { "start": { "line": 13, "column": 34 }, "end": { "line": 13, "column": 78 } },
            "3": { "start": { "line": 14, "column": 4 }, "end": { "line": 21, "column": 5 } },
            "4": { "start": { "line": 15, "column": 8 }, "end": { "line": 15, "column": 47 } },
            "5": { "start": { "line": 17, "column": 8 }, "end": { "line": 19, "column": 9 } },
            "6": { "start": { "line": 18, "column": 12 }, "end": { "line": 18, "column": 45 } },
            "7": { "start": { "line": 20, "column": 8 }, "end": { "line": 20, "column": 20 } },
            "8": { "start": { "line": 23, "column": 24 }, "end": { "line": 23, "column": 75 } },
            "9": { "start": { "line": 24, "column": 21 }, "end": { "line": 24, "column": 60 } },
            "10": { "start": { "line": 26, "column": 4 }, "end": { "line": 26, "column": 70 } }
        },
        "fnMap": {
            "0": {
                "name": "(anonymous_0)",
                "decl": {
                    "start": { "line": 10, "column": 36 },
                    "end": { "line": 10, "column": 37 }
                },
                "loc": {
                    "start": { "line": 10, "column": 96 },
                    "end": { "line": 27, "column": 1 }
                },
                "line": 10
            }
        },
        "branchMap": {
            "0": {
                "loc": { "start": { "line": 17, "column": 8 }, "end": { "line": 19, "column": 9 } },
                "type": "if",
                "locations": [
                    { "start": { "line": 17, "column": 8 }, "end": { "line": 19, "column": 9 } },
                    { "start": {}, "end": {} }
                ],
                "line": 17
            }
        },
        "s": {
            "0": 2,
            "1": 24,
            "2": 16,
            "3": 16,
            "4": 16,
            "5": 4,
            "6": 0,
            "7": 4,
            "8": 12,
            "9": 8,
            "10": 8
        },
        "f": { "0": 24 },
        "b": { "0": [0, 4] },
        "inputSourceMap": null,
        "_coverageSchema": "1a1c01bbd47fc00a2c39e90264f33305004495a9",
        "hash": "f58e09393f9b4fbc266b9728461cc73ee23d75c5"
    },
    "/Users/oduori/projects/dmvic/lib/api/stock-status.mjs": {
        "path": "/Users/oduori/projects/dmvic/lib/api/stock-status.mjs",
        "statementMap": {
            "0": { "start": { "line": 5, "column": 25 }, "end": { "line": 13, "column": 1 } },
            "1": { "start": { "line": 6, "column": 4 }, "end": { "line": 6, "column": 71 } },
            "2": { "start": { "line": 8, "column": 24 }, "end": { "line": 10, "column": 5 } },
            "3": { "start": { "line": 12, "column": 4 }, "end": { "line": 12, "column": 98 } }
        },
        "fnMap": {
            "0": {
                "name": "(anonymous_0)",
                "decl": {
                    "start": { "line": 5, "column": 25 },
                    "end": { "line": 5, "column": 26 }
                },
                "loc": { "start": { "line": 5, "column": 55 }, "end": { "line": 13, "column": 1 } },
                "line": 5
            }
        },
        "branchMap": {},
        "s": { "0": 2, "1": 93, "2": 62, "3": 62 },
        "f": { "0": 93 },
        "b": {},
        "inputSourceMap": null,
        "_coverageSchema": "1a1c01bbd47fc00a2c39e90264f33305004495a9",
        "hash": "456bc5bc79acf32ff4384c6db6cc5399f80b7240"
    },
    "/Users/oduori/projects/dmvic/lib/api/verify-insurance-certificate.mjs": {
        "path": "/Users/oduori/projects/dmvic/lib/api/verify-insurance-certificate.mjs",
        "statementMap": {
            "0": { "start": { "line": 4, "column": 35 }, "end": { "line": 27, "column": 1 } },
            "1": { "start": { "line": 8, "column": 4 }, "end": { "line": 10, "column": 5 } },
            "2": { "start": { "line": 9, "column": 8 }, "end": { "line": 9, "column": 59 } },
            "3": { "start": { "line": 12, "column": 4 }, "end": { "line": 14, "column": 5 } },
            "4": { "start": { "line": 13, "column": 8 }, "end": { "line": 13, "column": 91 } },
            "5": { "start": { "line": 16, "column": 24 }, "end": { "line": 20, "column": 5 } },
            "6": { "start": { "line": 22, "column": 4 }, "end": { "line": 26, "column": 6 } }
        },
        "fnMap": {
            "0": {
                "name": "(anonymous_0)",
                "decl": {
                    "start": { "line": 4, "column": 35 },
                    "end": { "line": 4, "column": 36 }
                },
                "loc": { "start": { "line": 7, "column": 5 }, "end": { "line": 27, "column": 1 } },
                "line": 7
            }
        },
        "branchMap": {
            "0": {
                "loc": { "start": { "line": 8, "column": 4 }, "end": { "line": 10, "column": 5 } },
                "type": "if",
                "locations": [
                    { "start": { "line": 8, "column": 4 }, "end": { "line": 10, "column": 5 } },
                    { "start": {}, "end": {} }
                ],
                "line": 8
            },
            "1": {
                "loc": { "start": { "line": 12, "column": 4 }, "end": { "line": 14, "column": 5 } },
                "type": "if",
                "locations": [
                    { "start": { "line": 12, "column": 4 }, "end": { "line": 14, "column": 5 } },
                    { "start": {}, "end": {} }
                ],
                "line": 12
            },
            "2": {
                "loc": {
                    "start": { "line": 12, "column": 8 },
                    "end": { "line": 12, "column": 46 }
                },
                "type": "binary-expr",
                "locations": [
                    { "start": { "line": 12, "column": 8 }, "end": { "line": 12, "column": 28 } },
                    { "start": { "line": 12, "column": 32 }, "end": { "line": 12, "column": 46 } }
                ],
                "line": 12
            }
        },
        "s": { "0": 2, "1": 10, "2": 3, "3": 7, "4": 1, "5": 6, "6": 6 },
        "f": { "0": 10 },
        "b": { "0": [3, 7], "1": [1, 6], "2": [7, 3] },
        "inputSourceMap": null,
        "_coverageSchema": "1a1c01bbd47fc00a2c39e90264f33305004495a9",
        "hash": "7dd416e19c135d1dc0b917fe5d481b662cc43d94"
    },
    "/Users/oduori/projects/dmvic/lib/config/api-configs.mjs": {
        "path": "/Users/oduori/projects/dmvic/lib/config/api-configs.mjs",
        "statementMap": {
            "0": { "start": { "line": 1, "column": 22 }, "end": { "line": 4, "column": 1 } },
            "1": { "start": { "line": 7, "column": 26 }, "end": { "line": 7, "column": 44 } },
            "2": { "start": { "line": 9, "column": 4 }, "end": { "line": 11, "column": 5 } },
            "3": { "start": { "line": 10, "column": 8 }, "end": { "line": 10, "column": 37 } },
            "4": { "start": { "line": 13, "column": 4 }, "end": { "line": 13, "column": 40 } },
            "5": { "start": { "line": 16, "column": 14 }, "end": { "line": 16, "column": 34 } },
            "6": { "start": { "line": 17, "column": 23 }, "end": { "line": 23, "column": 5 } },
            "7": { "start": { "line": 18, "column": 4 }, "end": { "line": 23, "column": 5 } },
            "8": { "start": { "line": 19, "column": 28 }, "end": { "line": 22, "column": 9 } },
            "9": { "start": { "line": 25, "column": 18 }, "end": { "line": 38, "column": 1 } }
        },
        "fnMap": {
            "0": {
                "name": "getApiBaseUrl",
                "decl": { "start": { "line": 6, "column": 9 }, "end": { "line": 6, "column": 22 } },
                "loc": { "start": { "line": 6, "column": 40 }, "end": { "line": 14, "column": 1 } },
                "line": 6
            },
            "1": {
                "name": "(anonymous_1)",
                "decl": {
                    "start": { "line": 17, "column": 23 },
                    "end": { "line": 17, "column": 24 }
                },
                "loc": { "start": { "line": 18, "column": 4 }, "end": { "line": 23, "column": 5 } },
                "line": 18
            },
            "2": {
                "name": "(anonymous_2)",
                "decl": {
                    "start": { "line": 19, "column": 18 },
                    "end": { "line": 19, "column": 19 }
                },
                "loc": {
                    "start": { "line": 19, "column": 28 },
                    "end": { "line": 22, "column": 9 }
                },
                "line": 19
            }
        },
        "branchMap": {
            "0": {
                "loc": { "start": { "line": 6, "column": 23 }, "end": { "line": 6, "column": 38 } },
                "type": "default-arg",
                "locations": [
                    { "start": { "line": 6, "column": 29 }, "end": { "line": 6, "column": 38 } }
                ],
                "line": 6
            },
            "1": {
                "loc": { "start": { "line": 9, "column": 4 }, "end": { "line": 11, "column": 5 } },
                "type": "if",
                "locations": [
                    { "start": { "line": 9, "column": 4 }, "end": { "line": 11, "column": 5 } },
                    { "start": {}, "end": {} }
                ],
                "line": 9
            }
        },
        "s": { "0": 7, "1": 2, "2": 2, "3": 1, "4": 1, "5": 7, "6": 7, "7": 21, "8": 84, "9": 7 },
        "f": { "0": 2, "1": 21, "2": 84 },
        "b": { "0": [1], "1": [1, 1] },
        "inputSourceMap": null,
        "_coverageSchema": "1a1c01bbd47fc00a2c39e90264f33305004495a9",
        "hash": "43e895f925a7b665a00b613595457ec1ba7f1dd9"
    },
    "/Users/oduori/projects/dmvic/lib/utils/api-helpers.mjs": {
        "path": "/Users/oduori/projects/dmvic/lib/utils/api-helpers.mjs",
        "statementMap": {
            "0": { "start": { "line": 4, "column": 26 }, "end": { "line": 12, "column": 1 } },
            "1": { "start": { "line": 5, "column": 4 }, "end": { "line": 7, "column": 5 } },
            "2": { "start": { "line": 6, "column": 8 }, "end": { "line": 6, "column": 87 } },
            "3": { "start": { "line": 9, "column": 4 }, "end": { "line": 11, "column": 5 } },
            "4": { "start": { "line": 10, "column": 8 }, "end": { "line": 10, "column": 85 } },
            "5": { "start": { "line": 14, "column": 23 }, "end": { "line": 29, "column": 1 } },
            "6": { "start": { "line": 21, "column": 23 }, "end": { "line": 21, "column": 38 } },
            "7": { "start": { "line": 22, "column": 4 }, "end": { "line": 28, "column": 6 } },
            "8": { "start": { "line": 31, "column": 32 }, "end": { "line": 43, "column": 1 } },
            "9": { "start": { "line": 32, "column": 4 }, "end": { "line": 34, "column": 5 } },
            "10": { "start": { "line": 33, "column": 8 }, "end": { "line": 33, "column": 74 } },
            "11": { "start": { "line": 36, "column": 4 }, "end": { "line": 38, "column": 5 } },
            "12": { "start": { "line": 37, "column": 8 }, "end": { "line": 37, "column": 70 } },
            "13": { "start": { "line": 40, "column": 4 }, "end": { "line": 42, "column": 5 } },
            "14": { "start": { "line": 41, "column": 8 }, "end": { "line": 41, "column": 93 } },
            "15": { "start": { "line": 45, "column": 33 }, "end": { "line": 48, "column": 1 } },
            "16": { "start": { "line": 46, "column": 4 }, "end": { "line": 46, "column": 33 } },
            "17": { "start": { "line": 47, "column": 4 }, "end": { "line": 47, "column": 74 } },
            "18": { "start": { "line": 50, "column": 35 }, "end": { "line": 52, "column": 1 } },
            "19": { "start": { "line": 51, "column": 4 }, "end": { "line": 51, "column": 70 } }
        },
        "fnMap": {
            "0": {
                "name": "(anonymous_0)",
                "decl": {
                    "start": { "line": 4, "column": 26 },
                    "end": { "line": 4, "column": 27 }
                },
                "loc": { "start": { "line": 4, "column": 41 }, "end": { "line": 12, "column": 1 } },
                "line": 4
            },
            "1": {
                "name": "(anonymous_1)",
                "decl": {
                    "start": { "line": 14, "column": 23 },
                    "end": { "line": 14, "column": 24 }
                },
                "loc": { "start": { "line": 20, "column": 5 }, "end": { "line": 29, "column": 1 } },
                "line": 20
            },
            "2": {
                "name": "(anonymous_2)",
                "decl": {
                    "start": { "line": 31, "column": 32 },
                    "end": { "line": 31, "column": 33 }
                },
                "loc": {
                    "start": { "line": 31, "column": 69 },
                    "end": { "line": 43, "column": 1 }
                },
                "line": 31
            },
            "3": {
                "name": "(anonymous_3)",
                "decl": {
                    "start": { "line": 45, "column": 33 },
                    "end": { "line": 45, "column": 34 }
                },
                "loc": {
                    "start": { "line": 45, "column": 94 },
                    "end": { "line": 48, "column": 1 }
                },
                "line": 45
            },
            "4": {
                "name": "(anonymous_4)",
                "decl": {
                    "start": { "line": 50, "column": 35 },
                    "end": { "line": 50, "column": 36 }
                },
                "loc": {
                    "start": { "line": 50, "column": 85 },
                    "end": { "line": 52, "column": 1 }
                },
                "line": 50
            }
        },
        "branchMap": {
            "0": {
                "loc": { "start": { "line": 5, "column": 4 }, "end": { "line": 7, "column": 5 } },
                "type": "if",
                "locations": [
                    { "start": { "line": 5, "column": 4 }, "end": { "line": 7, "column": 5 } },
                    { "start": {}, "end": {} }
                ],
                "line": 5
            },
            "1": {
                "loc": { "start": { "line": 5, "column": 8 }, "end": { "line": 5, "column": 51 } },
                "type": "binary-expr",
                "locations": [
                    { "start": { "line": 5, "column": 8 }, "end": { "line": 5, "column": 18 } },
                    { "start": { "line": 5, "column": 22 }, "end": { "line": 5, "column": 51 } }
                ],
                "line": 5
            },
            "2": {
                "loc": { "start": { "line": 9, "column": 4 }, "end": { "line": 11, "column": 5 } },
                "type": "if",
                "locations": [
                    { "start": { "line": 9, "column": 4 }, "end": { "line": 11, "column": 5 } },
                    { "start": {}, "end": {} }
                ],
                "line": 9
            },
            "3": {
                "loc": {
                    "start": { "line": 17, "column": 4 },
                    "end": { "line": 17, "column": 20 }
                },
                "type": "default-arg",
                "locations": [
                    { "start": { "line": 17, "column": 16 }, "end": { "line": 17, "column": 20 } }
                ],
                "line": 17
            },
            "4": {
                "loc": {
                    "start": { "line": 18, "column": 4 },
                    "end": { "line": 18, "column": 19 }
                },
                "type": "default-arg",
                "locations": [
                    { "start": { "line": 18, "column": 13 }, "end": { "line": 18, "column": 19 } }
                ],
                "line": 18
            },
            "5": {
                "loc": {
                    "start": { "line": 19, "column": 4 },
                    "end": { "line": 19, "column": 23 }
                },
                "type": "default-arg",
                "locations": [
                    { "start": { "line": 19, "column": 19 }, "end": { "line": 19, "column": 23 } }
                ],
                "line": 19
            },
            "6": {
                "loc": { "start": { "line": 32, "column": 4 }, "end": { "line": 34, "column": 5 } },
                "type": "if",
                "locations": [
                    { "start": { "line": 32, "column": 4 }, "end": { "line": 34, "column": 5 } },
                    { "start": {}, "end": {} }
                ],
                "line": 32
            },
            "7": {
                "loc": { "start": { "line": 36, "column": 4 }, "end": { "line": 38, "column": 5 } },
                "type": "if",
                "locations": [
                    { "start": { "line": 36, "column": 4 }, "end": { "line": 38, "column": 5 } },
                    { "start": {}, "end": {} }
                ],
                "line": 36
            },
            "8": {
                "loc": { "start": { "line": 40, "column": 4 }, "end": { "line": 42, "column": 5 } },
                "type": "if",
                "locations": [
                    { "start": { "line": 40, "column": 4 }, "end": { "line": 42, "column": 5 } },
                    { "start": {}, "end": {} }
                ],
                "line": 40
            },
            "9": {
                "loc": {
                    "start": { "line": 45, "column": 74 },
                    "end": { "line": 45, "column": 89 }
                },
                "type": "default-arg",
                "locations": [
                    { "start": { "line": 45, "column": 83 }, "end": { "line": 45, "column": 89 } }
                ],
                "line": 45
            },
            "10": {
                "loc": {
                    "start": { "line": 50, "column": 65 },
                    "end": { "line": 50, "column": 80 }
                },
                "type": "default-arg",
                "locations": [
                    { "start": { "line": 50, "column": 74 }, "end": { "line": 50, "column": 80 } }
                ],
                "line": 50
            }
        },
        "s": {
            "0": 2,
            "1": 15,
            "2": 6,
            "3": 9,
            "4": 6,
            "5": 2,
            "6": 5,
            "7": 5,
            "8": 2,
            "9": 23,
            "10": 1,
            "11": 22,
            "12": 1,
            "13": 21,
            "14": 1,
            "15": 2,
            "16": 15,
            "17": 3,
            "18": 2,
            "19": 2
        },
        "f": { "0": 15, "1": 5, "2": 23, "3": 15, "4": 2 },
        "b": {
            "0": [6, 9],
            "1": [15, 12],
            "2": [6, 3],
            "3": [0],
            "4": [0],
            "5": [0],
            "6": [1, 22],
            "7": [1, 21],
            "8": [1, 20],
            "9": [15],
            "10": [2]
        },
        "inputSourceMap": null,
        "_coverageSchema": "1a1c01bbd47fc00a2c39e90264f33305004495a9",
        "hash": "3e72c2bd4361d27246dfd0d6cf25d3a7be56908c"
    },
    "/Users/oduori/projects/dmvic/lib/utils/cache.mjs": {
        "path": "/Users/oduori/projects/dmvic/lib/utils/cache.mjs",
        "statementMap": {
            "0": { "start": { "line": 1, "column": 22 }, "end": { "line": 13, "column": 4 } },
            "1": { "start": { "line": 2, "column": 20 }, "end": { "line": 2, "column": 22 } },
            "2": { "start": { "line": 3, "column": 4 }, "end": { "line": 12, "column": 6 } },
            "3": { "start": { "line": 4, "column": 22 }, "end": { "line": 4, "column": 34 } },
            "4": { "start": { "line": 6, "column": 12 }, "end": { "line": 6, "column": 33 } },
            "5": { "start": { "line": 8, "column": 22 }, "end": { "line": 8, "column": 36 } },
            "6": { "start": { "line": 10, "column": 12 }, "end": { "line": 10, "column": 72 } },
            "7": { "start": { "line": 10, "column": 52 }, "end": { "line": 10, "column": 72 } }
        },
        "fnMap": {
            "0": {
                "name": "(anonymous_0)",
                "decl": {
                    "start": { "line": 1, "column": 23 },
                    "end": { "line": 1, "column": 24 }
                },
                "loc": { "start": { "line": 1, "column": 29 }, "end": { "line": 13, "column": 1 } },
                "line": 1
            },
            "1": {
                "name": "(anonymous_1)",
                "decl": {
                    "start": { "line": 4, "column": 13 },
                    "end": { "line": 4, "column": 14 }
                },
                "loc": { "start": { "line": 4, "column": 22 }, "end": { "line": 4, "column": 34 } },
                "line": 4
            },
            "2": {
                "name": "(anonymous_2)",
                "decl": {
                    "start": { "line": 5, "column": 13 },
                    "end": { "line": 5, "column": 14 }
                },
                "loc": { "start": { "line": 5, "column": 29 }, "end": { "line": 7, "column": 9 } },
                "line": 5
            },
            "3": {
                "name": "(anonymous_3)",
                "decl": {
                    "start": { "line": 8, "column": 13 },
                    "end": { "line": 8, "column": 14 }
                },
                "loc": { "start": { "line": 8, "column": 22 }, "end": { "line": 8, "column": 36 } },
                "line": 8
            },
            "4": {
                "name": "(anonymous_4)",
                "decl": {
                    "start": { "line": 9, "column": 15 },
                    "end": { "line": 9, "column": 16 }
                },
                "loc": { "start": { "line": 9, "column": 21 }, "end": { "line": 11, "column": 9 } },
                "line": 9
            }
        },
        "branchMap": {},
        "s": { "0": 2, "1": 2, "2": 2, "3": 4, "4": 5, "5": 3, "6": 7, "7": 4 },
        "f": { "0": 2, "1": 4, "2": 5, "3": 3, "4": 7 },
        "b": {},
        "inputSourceMap": null,
        "_coverageSchema": "1a1c01bbd47fc00a2c39e90264f33305004495a9",
        "hash": "cca7595d25669317c0a6b30ab934e09e0baa3d69"
    },
    "/Users/oduori/projects/dmvic/lib/utils/cancellation-reasons.mjs": {
        "path": "/Users/oduori/projects/dmvic/lib/utils/cancellation-reasons.mjs",
        "statementMap": {
            "0": { "start": { "line": 1, "column": 29 }, "end": { "line": 18, "column": 1 } }
        },
        "fnMap": {},
        "branchMap": {},
        "s": { "0": 3 },
        "f": {},
        "b": {},
        "inputSourceMap": null,
        "_coverageSchema": "1a1c01bbd47fc00a2c39e90264f33305004495a9",
        "hash": "11798b83bba2833cd350a121de7788258c510afc"
    },
    "/Users/oduori/projects/dmvic/lib/utils/certificates-handler.mjs": {
        "path": "/Users/oduori/projects/dmvic/lib/utils/certificates-handler.mjs",
        "statementMap": {
            "0": { "start": { "line": 11, "column": 22 }, "end": { "line": 24, "column": 1 } },
            "1": { "start": { "line": 12, "column": 25 }, "end": { "line": 12, "column": 27 } },
            "2": { "start": { "line": 13, "column": 4 }, "end": { "line": 22, "column": 5 } },
            "3": { "start": { "line": 14, "column": 8 }, "end": { "line": 21, "column": 9 } },
            "4": { "start": { "line": 16, "column": 12 }, "end": { "line": 16, "column": 63 } },
            "5": { "start": { "line": 18, "column": 12 }, "end": { "line": 20, "column": 14 } },
            "6": { "start": { "line": 23, "column": 4 }, "end": { "line": 23, "column": 24 } },
            "7": { "start": { "line": 26, "column": 30 }, "end": { "line": 40, "column": 1 } },
            "8": { "start": { "line": 27, "column": 4 }, "end": { "line": 27, "column": 35 } },
            "9": { "start": { "line": 29, "column": 31 }, "end": { "line": 32, "column": 5 } },
            "10": { "start": { "line": 34, "column": 4 }, "end": { "line": 34, "column": 42 } },
            "11": { "start": { "line": 35, "column": 25 }, "end": { "line": 35, "column": 58 } },
            "12": { "start": { "line": 36, "column": 4 }, "end": { "line": 36, "column": 52 } },
            "13": { "start": { "line": 38, "column": 4 }, "end": { "line": 38, "column": 45 } },
            "14": { "start": { "line": 39, "column": 4 }, "end": { "line": 39, "column": 47 } },
            "15": { "start": { "line": 42, "column": 23 }, "end": { "line": 47, "column": 1 } },
            "16": { "start": { "line": 43, "column": 4 }, "end": { "line": 45, "column": 5 } },
            "17": { "start": { "line": 44, "column": 8 }, "end": { "line": 44, "column": 77 } },
            "18": { "start": { "line": 46, "column": 4 }, "end": { "line": 46, "column": 26 } }
        },
        "fnMap": {
            "0": {
                "name": "(anonymous_0)",
                "decl": {
                    "start": { "line": 11, "column": 22 },
                    "end": { "line": 11, "column": 23 }
                },
                "loc": {
                    "start": { "line": 11, "column": 46 },
                    "end": { "line": 24, "column": 1 }
                },
                "line": 11
            },
            "1": {
                "name": "(anonymous_1)",
                "decl": {
                    "start": { "line": 26, "column": 30 },
                    "end": { "line": 26, "column": 31 }
                },
                "loc": {
                    "start": { "line": 26, "column": 82 },
                    "end": { "line": 40, "column": 1 }
                },
                "line": 26
            },
            "2": {
                "name": "(anonymous_2)",
                "decl": {
                    "start": { "line": 42, "column": 23 },
                    "end": { "line": 42, "column": 24 }
                },
                "loc": {
                    "start": { "line": 42, "column": 55 },
                    "end": { "line": 47, "column": 1 }
                },
                "line": 42
            }
        },
        "branchMap": {
            "0": {
                "loc": {
                    "start": { "line": 26, "column": 56 },
                    "end": { "line": 26, "column": 77 }
                },
                "type": "default-arg",
                "locations": [
                    { "start": { "line": 26, "column": 64 }, "end": { "line": 26, "column": 77 } }
                ],
                "line": 26
            },
            "1": {
                "loc": {
                    "start": { "line": 42, "column": 29 },
                    "end": { "line": 42, "column": 50 }
                },
                "type": "default-arg",
                "locations": [
                    { "start": { "line": 42, "column": 37 }, "end": { "line": 42, "column": 50 } }
                ],
                "line": 42
            },
            "2": {
                "loc": { "start": { "line": 43, "column": 4 }, "end": { "line": 45, "column": 5 } },
                "type": "if",
                "locations": [
                    { "start": { "line": 43, "column": 4 }, "end": { "line": 45, "column": 5 } },
                    { "start": {}, "end": {} }
                ],
                "line": 43
            }
        },
        "s": {
            "0": 3,
            "1": 5,
            "2": 5,
            "3": 10,
            "4": 10,
            "5": 0,
            "6": 5,
            "7": 3,
            "8": 12,
            "9": 5,
            "10": 5,
            "11": 5,
            "12": 5,
            "13": 5,
            "14": 5,
            "15": 3,
            "16": 2,
            "17": 1,
            "18": 1
        },
        "f": { "0": 5, "1": 12, "2": 2 },
        "b": { "0": [10], "1": [0], "2": [1, 1] },
        "inputSourceMap": null,
        "_coverageSchema": "1a1c01bbd47fc00a2c39e90264f33305004495a9",
        "hash": "e121d4eb5403dc44620810350eaa297a326b7ffe"
    },
    "/Users/oduori/projects/dmvic/lib/utils/constants.mjs": {
        "path": "/Users/oduori/projects/dmvic/lib/utils/constants.mjs",
        "statementMap": {
            "0": { "start": { "line": 3, "column": 29 }, "end": { "line": 10, "column": 1 } },
            "1": { "start": { "line": 12, "column": 41 }, "end": { "line": 15, "column": 1 } },
            "2": { "start": { "line": 17, "column": 57 }, "end": { "line": 20, "column": 1 } },
            "3": { "start": { "line": 22, "column": 52 }, "end": { "line": 24, "column": 1 } },
            "4": { "start": { "line": 26, "column": 41 }, "end": { "line": 29, "column": 1 } },
            "5": { "start": { "line": 31, "column": 33 }, "end": { "line": 34, "column": 1 } },
            "6": { "start": { "line": 36, "column": 37 }, "end": { "line": 39, "column": 1 } },
            "7": { "start": { "line": 41, "column": 27 }, "end": { "line": 44, "column": 1 } },
            "8": { "start": { "line": 46, "column": 50 }, "end": { "line": 49, "column": 1 } },
            "9": { "start": { "line": 51, "column": 28 }, "end": { "line": 55, "column": 1 } },
            "10": { "start": { "line": 57, "column": 44 }, "end": { "line": 61, "column": 1 } },
            "11": { "start": { "line": 63, "column": 41 }, "end": { "line": 63, "column": 99 } },
            "12": { "start": { "line": 65, "column": 22 }, "end": { "line": 65, "column": 37 } }
        },
        "fnMap": {},
        "branchMap": {},
        "s": {
            "0": 5,
            "1": 5,
            "2": 5,
            "3": 5,
            "4": 5,
            "5": 5,
            "6": 5,
            "7": 5,
            "8": 5,
            "9": 5,
            "10": 5,
            "11": 5,
            "12": 5
        },
        "f": {},
        "b": {},
        "inputSourceMap": null,
        "_coverageSchema": "1a1c01bbd47fc00a2c39e90264f33305004495a9",
        "hash": "74d6e3c45c620234fc7755f9cb806b3b7a3bba18"
    },
    "/Users/oduori/projects/dmvic/lib/utils/dmvic-error-responses.mjs": {
        "path": "/Users/oduori/projects/dmvic/lib/utils/dmvic-error-responses.mjs",
        "statementMap": {
            "0": { "start": { "line": 1, "column": 30 }, "end": { "line": 62, "column": 1 } }
        },
        "fnMap": {},
        "branchMap": {},
        "s": { "0": 1 },
        "f": {},
        "b": {},
        "inputSourceMap": null,
        "_coverageSchema": "1a1c01bbd47fc00a2c39e90264f33305004495a9",
        "hash": "ca96262fad22b1105d0ef3c4019e2c6710cbc4d5"
    },
    "/Users/oduori/projects/dmvic/lib/utils/generate-insurance-payload.mjs": {
        "path": "/Users/oduori/projects/dmvic/lib/utils/generate-insurance-payload.mjs",
        "statementMap": {
            "0": { "start": { "line": 11, "column": 4 }, "end": { "line": 17, "column": 6 } },
            "1": { "start": { "line": 20, "column": 33 }, "end": { "line": 44, "column": 1 } },
            "2": { "start": { "line": 21, "column": 27 }, "end": { "line": 39, "column": 5 } },
            "3": { "start": { "line": 40, "column": 4 }, "end": { "line": 42, "column": 5 } },
            "4": { "start": { "line": 41, "column": 8 }, "end": { "line": 41, "column": 61 } },
            "5": { "start": { "line": 43, "column": 4 }, "end": { "line": 43, "column": 26 } }
        },
        "fnMap": {
            "0": {
                "name": "optionalData",
                "decl": {
                    "start": { "line": 10, "column": 9 },
                    "end": { "line": 10, "column": 21 }
                },
                "loc": {
                    "start": { "line": 10, "column": 31 },
                    "end": { "line": 18, "column": 1 }
                },
                "line": 10
            },
            "1": {
                "name": "(anonymous_1)",
                "decl": {
                    "start": { "line": 20, "column": 33 },
                    "end": { "line": 20, "column": 34 }
                },
                "loc": {
                    "start": { "line": 20, "column": 46 },
                    "end": { "line": 44, "column": 1 }
                },
                "line": 20
            }
        },
        "branchMap": {
            "0": {
                "loc": { "start": { "line": 40, "column": 4 }, "end": { "line": 42, "column": 5 } },
                "type": "if",
                "locations": [
                    { "start": { "line": 40, "column": 4 }, "end": { "line": 42, "column": 5 } },
                    { "start": {}, "end": {} }
                ],
                "line": 40
            }
        },
        "s": { "0": 51, "1": 2, "2": 55, "3": 54, "4": 51, "5": 53 },
        "f": { "0": 51, "1": 55 },
        "b": { "0": [51, 2] },
        "inputSourceMap": null,
        "_coverageSchema": "1a1c01bbd47fc00a2c39e90264f33305004495a9",
        "hash": "f69422e0580e18d7c9879c727f0cdd0808aecb42"
    },
    "/Users/oduori/projects/dmvic/lib/utils/http-client.mjs": {
        "path": "/Users/oduori/projects/dmvic/lib/utils/http-client.mjs",
        "statementMap": {
            "0": { "start": { "line": 9, "column": 18 }, "end": { "line": 25, "column": 1 } },
            "1": { "start": { "line": 10, "column": 4 }, "end": { "line": 10, "column": 30 } },
            "2": { "start": { "line": 10, "column": 16 }, "end": { "line": 10, "column": 30 } },
            "3": { "start": { "line": 12, "column": 23 }, "end": { "line": 12, "column": 62 } },
            "4": { "start": { "line": 13, "column": 19 }, "end": { "line": 13, "column": 43 } },
            "5": { "start": { "line": 14, "column": 20 }, "end": { "line": 14, "column": 45 } },
            "6": { "start": { "line": 15, "column": 4 }, "end": { "line": 22, "column": 7 } },
            "7": { "start": { "line": 24, "column": 4 }, "end": { "line": 24, "column": 18 } },
            "8": { "start": { "line": 27, "column": 20 }, "end": { "line": 29, "column": 1 } },
            "9": { "start": { "line": 28, "column": 4 }, "end": { "line": 28, "column": 23 } },
            "10": { "start": { "line": 30, "column": 0 }, "end": { "line": 30, "column": 30 } }
        },
        "fnMap": {
            "0": {
                "name": "(anonymous_0)",
                "decl": {
                    "start": { "line": 9, "column": 18 },
                    "end": { "line": 9, "column": 19 }
                },
                "loc": { "start": { "line": 9, "column": 24 }, "end": { "line": 25, "column": 1 } },
                "line": 9
            },
            "1": {
                "name": "(anonymous_1)",
                "decl": {
                    "start": { "line": 27, "column": 20 },
                    "end": { "line": 27, "column": 21 }
                },
                "loc": {
                    "start": { "line": 27, "column": 26 },
                    "end": { "line": 29, "column": 1 }
                },
                "line": 27
            }
        },
        "branchMap": {
            "0": {
                "loc": {
                    "start": { "line": 10, "column": 4 },
                    "end": { "line": 10, "column": 30 }
                },
                "type": "if",
                "locations": [
                    { "start": { "line": 10, "column": 4 }, "end": { "line": 10, "column": 30 } },
                    { "start": {}, "end": {} }
                ],
                "line": 10
            }
        },
        "s": {
            "0": 2,
            "1": 5,
            "2": 1,
            "3": 4,
            "4": 3,
            "5": 2,
            "6": 2,
            "7": 2,
            "8": 2,
            "9": 4,
            "10": 2
        },
        "f": { "0": 5, "1": 4 },
        "b": { "0": [1, 4] },
        "inputSourceMap": null,
        "_coverageSchema": "1a1c01bbd47fc00a2c39e90264f33305004495a9",
        "hash": "c14cacfce95f985c2858f3567116e084e0ba410a"
    },
    "/Users/oduori/projects/dmvic/lib/utils/insurers.mjs": {
        "path": "/Users/oduori/projects/dmvic/lib/utils/insurers.mjs",
        "statementMap": {
            "0": { "start": { "line": 2, "column": 17 }, "end": { "line": 34, "column": 1 } }
        },
        "fnMap": {},
        "branchMap": {},
        "s": { "0": 6 },
        "f": {},
        "b": {},
        "inputSourceMap": null,
        "_coverageSchema": "1a1c01bbd47fc00a2c39e90264f33305004495a9",
        "hash": "bce0e2ed25334194bbd52ca677b54bd3a9b506d7"
    },
    "/Users/oduori/projects/dmvic/lib/utils/logger.mjs": {
        "path": "/Users/oduori/projects/dmvic/lib/utils/logger.mjs",
        "statementMap": {
            "0": { "start": { "line": 2, "column": 19 }, "end": { "line": 13, "column": 18 } },
            "1": { "start": { "line": 4, "column": 12 }, "end": { "line": 10, "column": 13 } },
            "2": { "start": { "line": 5, "column": 16 }, "end": { "line": 9, "column": 17 } },
            "3": { "start": { "line": 6, "column": 20 }, "end": { "line": 6, "column": 47 } },
            "4": { "start": { "line": 8, "column": 20 }, "end": { "line": 8, "column": 53 } },
            "5": { "start": { "line": 11, "column": 12 }, "end": { "line": 11, "column": 31 } },
            "6": { "start": { "line": 15, "column": 17 }, "end": { "line": 15, "column": 41 } },
            "7": { "start": { "line": 16, "column": 4 }, "end": { "line": 22, "column": 5 } },
            "8": { "start": { "line": 21, "column": 8 }, "end": { "line": 21, "column": 92 } },
            "9": { "start": { "line": 24, "column": 4 }, "end": { "line": 24, "column": 50 } }
        },
        "fnMap": {
            "0": {
                "name": "logger",
                "decl": { "start": { "line": 1, "column": 9 }, "end": { "line": 1, "column": 15 } },
                "loc": { "start": { "line": 1, "column": 25 }, "end": { "line": 25, "column": 1 } },
                "line": 1
            },
            "1": {
                "name": "(anonymous_1)",
                "decl": {
                    "start": { "line": 3, "column": 13 },
                    "end": { "line": 3, "column": 14 }
                },
                "loc": { "start": { "line": 3, "column": 22 }, "end": { "line": 12, "column": 9 } },
                "line": 3
            }
        },
        "branchMap": {
            "0": {
                "loc": {
                    "start": { "line": 4, "column": 12 },
                    "end": { "line": 10, "column": 13 }
                },
                "type": "if",
                "locations": [
                    { "start": { "line": 4, "column": 12 }, "end": { "line": 10, "column": 13 } },
                    { "start": {}, "end": {} }
                ],
                "line": 4
            },
            "1": {
                "loc": { "start": { "line": 4, "column": 16 }, "end": { "line": 4, "column": 55 } },
                "type": "binary-expr",
                "locations": [
                    { "start": { "line": 4, "column": 16 }, "end": { "line": 4, "column": 39 } },
                    { "start": { "line": 4, "column": 43 }, "end": { "line": 4, "column": 55 } }
                ],
                "line": 4
            },
            "2": {
                "loc": { "start": { "line": 16, "column": 4 }, "end": { "line": 22, "column": 5 } },
                "type": "if",
                "locations": [
                    { "start": { "line": 16, "column": 4 }, "end": { "line": 22, "column": 5 } },
                    { "start": {}, "end": {} }
                ],
                "line": 16
            },
            "3": {
                "loc": {
                    "start": { "line": 17, "column": 8 },
                    "end": { "line": 19, "column": 50 }
                },
                "type": "binary-expr",
                "locations": [
                    { "start": { "line": 17, "column": 8 }, "end": { "line": 17, "column": 38 } },
                    { "start": { "line": 18, "column": 8 }, "end": { "line": 18, "column": 23 } },
                    { "start": { "line": 19, "column": 8 }, "end": { "line": 19, "column": 50 } }
                ],
                "line": 17
            }
        },
        "s": {
            "0": 20,
            "1": 30,
            "2": 6,
            "3": 6,
            "4": 1,
            "5": 24,
            "6": 20,
            "7": 20,
            "8": 3,
            "9": 17
        },
        "f": { "0": 20, "1": 30 },
        "b": { "0": [6, 24], "1": [30, 7], "2": [3, 17], "3": [20, 19, 18] },
        "inputSourceMap": null,
        "_coverageSchema": "1a1c01bbd47fc00a2c39e90264f33305004495a9",
        "hash": "d815ca8cd3863ce8544b24362202b800f76b23af"
    },
    "/Users/oduori/projects/dmvic/lib/utils/omit-empty-values.mjs": {
        "path": "/Users/oduori/projects/dmvic/lib/utils/omit-empty-values.mjs",
        "statementMap": {
            "0": { "start": { "line": 1, "column": 24 }, "end": { "line": 6, "column": 1 } },
            "1": { "start": { "line": 2, "column": 4 }, "end": { "line": 4, "column": 5 } },
            "2": { "start": { "line": 3, "column": 8 }, "end": { "line": 3, "column": 70 } },
            "3": { "start": { "line": 5, "column": 4 }, "end": { "line": 5, "column": 82 } },
            "4": { "start": { "line": 5, "column": 69 }, "end": { "line": 5, "column": 79 } }
        },
        "fnMap": {
            "0": {
                "name": "(anonymous_0)",
                "decl": {
                    "start": { "line": 1, "column": 24 },
                    "end": { "line": 1, "column": 25 }
                },
                "loc": { "start": { "line": 1, "column": 33 }, "end": { "line": 6, "column": 1 } },
                "line": 1
            },
            "1": {
                "name": "(anonymous_1)",
                "decl": {
                    "start": { "line": 5, "column": 57 },
                    "end": { "line": 5, "column": 58 }
                },
                "loc": { "start": { "line": 5, "column": 69 }, "end": { "line": 5, "column": 79 } },
                "line": 5
            }
        },
        "branchMap": {
            "0": {
                "loc": { "start": { "line": 2, "column": 4 }, "end": { "line": 4, "column": 5 } },
                "type": "if",
                "locations": [
                    { "start": { "line": 2, "column": 4 }, "end": { "line": 4, "column": 5 } },
                    { "start": {}, "end": {} }
                ],
                "line": 2
            },
            "1": {
                "loc": { "start": { "line": 2, "column": 8 }, "end": { "line": 2, "column": 68 } },
                "type": "binary-expr",
                "locations": [
                    { "start": { "line": 2, "column": 8 }, "end": { "line": 2, "column": 19 } },
                    { "start": { "line": 2, "column": 23 }, "end": { "line": 2, "column": 46 } },
                    { "start": { "line": 2, "column": 50 }, "end": { "line": 2, "column": 68 } }
                ],
                "line": 2
            }
        },
        "s": { "0": 3, "1": 29, "2": 6, "3": 23, "4": 57 },
        "f": { "0": 29, "1": 57 },
        "b": { "0": [6, 23], "1": [29, 27, 24] },
        "inputSourceMap": null,
        "_coverageSchema": "1a1c01bbd47fc00a2c39e90264f33305004495a9",
        "hash": "802e6e16fb14ede537cc6c1eee2c173f142e8bbd"
    },
    "/Users/oduori/projects/dmvic/lib/utils/parse-http-response.mjs": {
        "path": "/Users/oduori/projects/dmvic/lib/utils/parse-http-response.mjs",
        "statementMap": {
            "0": { "start": { "line": 4, "column": 37 }, "end": { "line": 29, "column": 1 } },
            "1": { "start": { "line": 6, "column": 4 }, "end": { "line": 20, "column": 5 } },
            "2": { "start": { "line": 7, "column": 8 }, "end": { "line": 19, "column": 10 } },
            "3": { "start": { "line": 21, "column": 4 }, "end": { "line": 28, "column": 6 } },
            "4": { "start": { "line": 31, "column": 24 }, "end": { "line": 38, "column": 1 } },
            "5": { "start": { "line": 32, "column": 4 }, "end": { "line": 36, "column": 5 } },
            "6": { "start": { "line": 33, "column": 8 }, "end": { "line": 35, "column": 9 } },
            "7": { "start": { "line": 34, "column": 12 }, "end": { "line": 34, "column": 24 } },
            "8": { "start": { "line": 37, "column": 4 }, "end": { "line": 37, "column": 36 } },
            "9": { "start": { "line": 40, "column": 39 }, "end": { "line": 69, "column": 1 } },
            "10": { "start": { "line": 45, "column": 18 }, "end": { "line": 51, "column": 9 } },
            "11": { "start": { "line": 53, "column": 4 }, "end": { "line": 57, "column": 5 } },
            "12": { "start": { "line": 54, "column": 26 }, "end": { "line": 54, "column": 58 } },
            "13": { "start": { "line": 55, "column": 8 }, "end": { "line": 55, "column": 56 } },
            "14": { "start": { "line": 56, "column": 8 }, "end": { "line": 56, "column": 56 } },
            "15": { "start": { "line": 59, "column": 4 }, "end": { "line": 68, "column": 6 } },
            "16": { "start": { "line": 71, "column": 27 }, "end": { "line": 85, "column": 1 } },
            "17": { "start": { "line": 73, "column": 4 }, "end": { "line": 73, "column": 41 } },
            "18": { "start": { "line": 74, "column": 29 }, "end": { "line": 74, "column": 52 } },
            "19": { "start": { "line": 75, "column": 4 }, "end": { "line": 82, "column": 5 } },
            "20": { "start": { "line": 79, "column": 8 }, "end": { "line": 79, "column": 86 } },
            "21": { "start": { "line": 81, "column": 8 }, "end": { "line": 81, "column": 70 } },
            "22": { "start": { "line": 84, "column": 4 }, "end": { "line": 84, "column": 43 } }
        },
        "fnMap": {
            "0": {
                "name": "(anonymous_0)",
                "decl": {
                    "start": { "line": 4, "column": 37 },
                    "end": { "line": 4, "column": 38 }
                },
                "loc": { "start": { "line": 4, "column": 63 }, "end": { "line": 29, "column": 1 } },
                "line": 4
            },
            "1": {
                "name": "(anonymous_1)",
                "decl": {
                    "start": { "line": 31, "column": 24 },
                    "end": { "line": 31, "column": 25 }
                },
                "loc": {
                    "start": { "line": 31, "column": 39 },
                    "end": { "line": 38, "column": 1 }
                },
                "line": 31
            },
            "2": {
                "name": "(anonymous_2)",
                "decl": {
                    "start": { "line": 40, "column": 39 },
                    "end": { "line": 40, "column": 40 }
                },
                "loc": {
                    "start": { "line": 40, "column": 49 },
                    "end": { "line": 69, "column": 1 }
                },
                "line": 40
            },
            "3": {
                "name": "(anonymous_3)",
                "decl": {
                    "start": { "line": 71, "column": 27 },
                    "end": { "line": 71, "column": 28 }
                },
                "loc": {
                    "start": { "line": 71, "column": 61 },
                    "end": { "line": 85, "column": 1 }
                },
                "line": 71
            }
        },
        "branchMap": {
            "0": {
                "loc": { "start": { "line": 6, "column": 4 }, "end": { "line": 20, "column": 5 } },
                "type": "if",
                "locations": [
                    { "start": { "line": 6, "column": 4 }, "end": { "line": 20, "column": 5 } },
                    { "start": {}, "end": {} }
                ],
                "line": 6
            },
            "1": {
                "loc": {
                    "start": { "line": 24, "column": 17 },
                    "end": { "line": 24, "column": 37 }
                },
                "type": "binary-expr",
                "locations": [
                    { "start": { "line": 24, "column": 17 }, "end": { "line": 24, "column": 29 } },
                    { "start": { "line": 24, "column": 33 }, "end": { "line": 24, "column": 37 } }
                ],
                "line": 24
            },
            "2": {
                "loc": {
                    "start": { "line": 26, "column": 22 },
                    "end": { "line": 26, "column": 54 }
                },
                "type": "binary-expr",
                "locations": [
                    { "start": { "line": 26, "column": 22 }, "end": { "line": 26, "column": 34 } },
                    { "start": { "line": 26, "column": 38 }, "end": { "line": 26, "column": 54 } }
                ],
                "line": 26
            },
            "3": {
                "loc": { "start": { "line": 33, "column": 8 }, "end": { "line": 35, "column": 9 } },
                "type": "if",
                "locations": [
                    { "start": { "line": 33, "column": 8 }, "end": { "line": 35, "column": 9 } },
                    { "start": {}, "end": {} }
                ],
                "line": 33
            },
            "4": {
                "loc": {
                    "start": { "line": 45, "column": 18 },
                    "end": { "line": 51, "column": 9 }
                },
                "type": "binary-expr",
                "locations": [
                    { "start": { "line": 45, "column": 18 }, "end": { "line": 45, "column": 28 } },
                    { "start": { "line": 46, "column": 8 }, "end": { "line": 46, "column": 18 } },
                    { "start": { "line": 46, "column": 22 }, "end": { "line": 51, "column": 9 } }
                ],
                "line": 45
            },
            "5": {
                "loc": {
                    "start": { "line": 48, "column": 27 },
                    "end": { "line": 48, "column": 54 }
                },
                "type": "binary-expr",
                "locations": [
                    { "start": { "line": 48, "column": 27 }, "end": { "line": 48, "column": 36 } },
                    { "start": { "line": 48, "column": 40 }, "end": { "line": 48, "column": 54 } }
                ],
                "line": 48
            },
            "6": {
                "loc": {
                    "start": { "line": 49, "column": 27 },
                    "end": { "line": 49, "column": 57 }
                },
                "type": "binary-expr",
                "locations": [
                    { "start": { "line": 49, "column": 27 }, "end": { "line": 49, "column": 39 } },
                    { "start": { "line": 49, "column": 43 }, "end": { "line": 49, "column": 57 } }
                ],
                "line": 49
            },
            "7": {
                "loc": {
                    "start": { "line": 54, "column": 26 },
                    "end": { "line": 54, "column": 58 }
                },
                "type": "binary-expr",
                "locations": [
                    { "start": { "line": 54, "column": 26 }, "end": { "line": 54, "column": 41 } },
                    { "start": { "line": 54, "column": 45 }, "end": { "line": 54, "column": 58 } }
                ],
                "line": 54
            },
            "8": {
                "loc": {
                    "start": { "line": 55, "column": 26 },
                    "end": { "line": 55, "column": 55 }
                },
                "type": "binary-expr",
                "locations": [
                    { "start": { "line": 55, "column": 26 }, "end": { "line": 55, "column": 41 } },
                    { "start": { "line": 55, "column": 45 }, "end": { "line": 55, "column": 55 } }
                ],
                "line": 55
            },
            "9": {
                "loc": { "start": { "line": 75, "column": 4 }, "end": { "line": 82, "column": 5 } },
                "type": "if",
                "locations": [
                    { "start": { "line": 75, "column": 4 }, "end": { "line": 82, "column": 5 } },
                    { "start": { "line": 80, "column": 11 }, "end": { "line": 82, "column": 5 } }
                ],
                "line": 75
            },
            "10": {
                "loc": {
                    "start": { "line": 76, "column": 8 },
                    "end": { "line": 77, "column": 82 }
                },
                "type": "binary-expr",
                "locations": [
                    { "start": { "line": 76, "column": 8 }, "end": { "line": 76, "column": 24 } },
                    { "start": { "line": 77, "column": 9 }, "end": { "line": 77, "column": 29 } },
                    { "start": { "line": 77, "column": 33 }, "end": { "line": 77, "column": 81 } }
                ],
                "line": 76
            }
        },
        "s": {
            "0": 1,
            "1": 0,
            "2": 0,
            "3": 0,
            "4": 1,
            "5": 0,
            "6": 0,
            "7": 0,
            "8": 0,
            "9": 1,
            "10": 0,
            "11": 0,
            "12": 0,
            "13": 0,
            "14": 0,
            "15": 0,
            "16": 1,
            "17": 0,
            "18": 0,
            "19": 0,
            "20": 0,
            "21": 0,
            "22": 0
        },
        "f": { "0": 0, "1": 0, "2": 0, "3": 0 },
        "b": {
            "0": [0, 0],
            "1": [0, 0],
            "2": [0, 0],
            "3": [0, 0],
            "4": [0, 0, 0],
            "5": [0, 0],
            "6": [0, 0],
            "7": [0, 0],
            "8": [0, 0],
            "9": [0, 0],
            "10": [0, 0, 0]
        },
        "inputSourceMap": null,
        "_coverageSchema": "1a1c01bbd47fc00a2c39e90264f33305004495a9",
        "hash": "22913c33b7c9588664ed87035ad4ec187a751297"
    },
    "/Users/oduori/projects/dmvic/lib/utils/payload-schema.mjs": {
        "path": "/Users/oduori/projects/dmvic/lib/utils/payload-schema.mjs",
        "statementMap": {
            "0": { "start": { "line": 17, "column": 28 }, "end": { "line": 21, "column": 1 } },
            "1": { "start": { "line": 23, "column": 28 }, "end": { "line": 26, "column": 1 } },
            "2": { "start": { "line": 28, "column": 18 }, "end": { "line": 29, "column": 78 } },
            "3": { "start": { "line": 29, "column": 4 }, "end": { "line": 29, "column": 78 } },
            "4": { "start": { "line": 31, "column": 34 }, "end": { "line": 281, "column": 1 } },
            "5": { "start": { "line": 35, "column": 28 }, "end": { "line": 35, "column": 70 } },
            "6": { "start": { "line": 37, "column": 12 }, "end": { "line": 37, "column": 97 } },
            "7": { "start": { "line": 39, "column": 12 }, "end": { "line": 51, "column": 14 } },
            "8": { "start": { "line": 40, "column": 36 }, "end": { "line": 40, "column": 78 } },
            "9": { "start": { "line": 42, "column": 20 }, "end": { "line": 44, "column": 77 } },
            "10": { "start": { "line": 46, "column": 20 }, "end": { "line": 50, "column": 21 } },
            "11": { "start": { "line": 49, "column": 35 }, "end": { "line": 49, "column": 54 } },
            "12": { "start": { "line": 59, "column": 12 }, "end": { "line": 59, "column": 37 } },
            "13": { "start": { "line": 59, "column": 24 }, "end": { "line": 59, "column": 37 } },
            "14": { "start": { "line": 60, "column": 27 }, "end": { "line": 60, "column": 42 } },
            "15": { "start": { "line": 61, "column": 12 }, "end": { "line": 61, "column": 44 } },
            "16": { "start": { "line": 64, "column": 12 }, "end": { "line": 64, "column": 37 } },
            "17": { "start": { "line": 64, "column": 24 }, "end": { "line": 64, "column": 37 } },
            "18": { "start": { "line": 66, "column": 27 }, "end": { "line": 66, "column": 42 } },
            "19": { "start": { "line": 67, "column": 12 }, "end": { "line": 67, "column": 54 } },
            "20": { "start": { "line": 67, "column": 41 }, "end": { "line": 67, "column": 54 } },
            "21": { "start": { "line": 69, "column": 26 }, "end": { "line": 69, "column": 36 } },
            "22": { "start": { "line": 70, "column": 31 }, "end": { "line": 70, "column": 95 } },
            "23": { "start": { "line": 71, "column": 31 }, "end": { "line": 71, "column": 98 } },
            "24": { "start": { "line": 73, "column": 12 }, "end": { "line": 73, "column": 44 } },
            "25": { "start": { "line": 79, "column": 16 }, "end": { "line": 79, "column": 41 } },
            "26": { "start": { "line": 79, "column": 28 }, "end": { "line": 79, "column": 41 } },
            "27": { "start": { "line": 81, "column": 31 }, "end": { "line": 81, "column": 46 } },
            "28": { "start": { "line": 82, "column": 16 }, "end": { "line": 82, "column": 58 } },
            "29": { "start": { "line": 82, "column": 45 }, "end": { "line": 82, "column": 58 } },
            "30": { "start": { "line": 84, "column": 34 }, "end": { "line": 84, "column": 54 } },
            "31": { "start": { "line": 85, "column": 32 }, "end": { "line": 89, "column": 17 } },
            "32": { "start": { "line": 90, "column": 35 }, "end": { "line": 94, "column": 17 } },
            "33": { "start": { "line": 95, "column": 16 }, "end": { "line": 95, "column": 45 } },
            "34": { "start": { "line": 101, "column": 12 }, "end": { "line": 101, "column": 37 } },
            "35": { "start": { "line": 101, "column": 24 }, "end": { "line": 101, "column": 37 } },
            "36": { "start": { "line": 102, "column": 27 }, "end": { "line": 102, "column": 42 } },
            "37": { "start": { "line": 103, "column": 12 }, "end": { "line": 103, "column": 44 } },
            "38": { "start": { "line": 109, "column": 16 }, "end": { "line": 109, "column": 72 } },
            "39": { "start": { "line": 109, "column": 59 }, "end": { "line": 109, "column": 72 } },
            "40": { "start": { "line": 111, "column": 39 }, "end": { "line": 111, "column": 54 } },
            "41": { "start": { "line": 112, "column": 41 }, "end": { "line": 112, "column": 77 } },
            "42": { "start": { "line": 114, "column": 16 }, "end": { "line": 115, "column": 33 } },
            "43": { "start": { "line": 115, "column": 20 }, "end": { "line": 115, "column": 33 } },
            "44": { "start": { "line": 117, "column": 40 }, "end": { "line": 121, "column": 17 } },
            "45": { "start": { "line": 122, "column": 38 }, "end": { "line": 126, "column": 17 } },
            "46": { "start": { "line": 128, "column": 16 }, "end": { "line": 128, "column": 56 } },
            "47": { "start": { "line": 135, "column": 16 }, "end": { "line": 135, "column": 72 } },
            "48": { "start": { "line": 135, "column": 59 }, "end": { "line": 135, "column": 72 } },
            "49": { "start": { "line": 137, "column": 41 }, "end": { "line": 137, "column": 77 } },
            "50": { "start": { "line": 138, "column": 16 }, "end": { "line": 138, "column": 68 } },
            "51": { "start": { "line": 138, "column": 55 }, "end": { "line": 138, "column": 68 } },
            "52": { "start": { "line": 140, "column": 39 }, "end": { "line": 140, "column": 54 } },
            "53": { "start": { "line": 141, "column": 16 }, "end": { "line": 141, "column": 66 } },
            "54": { "start": { "line": 141, "column": 53 }, "end": { "line": 141, "column": 66 } },
            "55": { "start": { "line": 143, "column": 32 }, "end": { "line": 143, "column": 68 } },
            "56": { "start": { "line": 144, "column": 16 }, "end": { "line": 144, "column": 49 } },
            "57": { "start": { "line": 149, "column": 12 }, "end": { "line": 149, "column": 71 } },
            "58": { "start": { "line": 150, "column": 26 }, "end": { "line": 150, "column": 59 } },
            "59": { "start": { "line": 152, "column": 12 }, "end": { "line": 156, "column": 13 } },
            "60": { "start": { "line": 155, "column": 27 }, "end": { "line": 155, "column": 46 } },
            "61": { "start": { "line": 168, "column": 30 }, "end": { "line": 168, "column": 46 } },
            "62": { "start": { "line": 169, "column": 40 }, "end": { "line": 169, "column": 45 } },
            "63": { "start": { "line": 170, "column": 16 }, "end": { "line": 170, "column": 53 } },
            "64": { "start": { "line": 170, "column": 40 }, "end": { "line": 170, "column": 53 } },
            "65": { "start": { "line": 172, "column": 16 }, "end": { "line": 172, "column": 54 } },
            "66": { "start": { "line": 172, "column": 41 }, "end": { "line": 172, "column": 54 } },
            "67": { "start": { "line": 173, "column": 16 }, "end": { "line": 173, "column": 79 } },
            "68": { "start": { "line": 173, "column": 66 }, "end": { "line": 173, "column": 79 } },
            "69": { "start": { "line": 174, "column": 16 }, "end": { "line": 174, "column": 79 } },
            "70": { "start": { "line": 174, "column": 66 }, "end": { "line": 174, "column": 79 } },
            "71": { "start": { "line": 175, "column": 16 }, "end": { "line": 175, "column": 55 } },
            "72": { "start": { "line": 175, "column": 42 }, "end": { "line": 175, "column": 55 } },
            "73": { "start": { "line": 177, "column": 16 }, "end": { "line": 177, "column": 54 } },
            "74": { "start": { "line": 177, "column": 41 }, "end": { "line": 177, "column": 54 } },
            "75": { "start": { "line": 178, "column": 16 }, "end": { "line": 178, "column": 79 } },
            "76": { "start": { "line": 178, "column": 66 }, "end": { "line": 178, "column": 79 } },
            "77": { "start": { "line": 179, "column": 16 }, "end": { "line": 179, "column": 79 } },
            "78": { "start": { "line": 179, "column": 66 }, "end": { "line": 179, "column": 79 } },
            "79": { "start": { "line": 180, "column": 16 }, "end": { "line": 180, "column": 67 } },
            "80": { "start": { "line": 180, "column": 54 }, "end": { "line": 180, "column": 67 } },
            "81": { "start": { "line": 182, "column": 16 }, "end": { "line": 182, "column": 56 } },
            "82": { "start": { "line": 182, "column": 43 }, "end": { "line": 182, "column": 56 } },
            "83": { "start": { "line": 183, "column": 16 }, "end": { "line": 183, "column": 28 } },
            "84": { "start": { "line": 199, "column": 16 }, "end": { "line": 199, "column": 53 } },
            "85": { "start": { "line": 199, "column": 41 }, "end": { "line": 199, "column": 53 } },
            "86": { "start": { "line": 200, "column": 16 }, "end": { "line": 200, "column": 49 } },
            "87": { "start": { "line": 200, "column": 36 }, "end": { "line": 200, "column": 49 } },
            "88": { "start": { "line": 201, "column": 16 }, "end": { "line": 201, "column": 65 } },
            "89": { "start": { "line": 201, "column": 52 }, "end": { "line": 201, "column": 65 } },
            "90": { "start": { "line": 202, "column": 16 }, "end": { "line": 202, "column": 79 } },
            "91": { "start": { "line": 202, "column": 66 }, "end": { "line": 202, "column": 79 } },
            "92": { "start": { "line": 203, "column": 16 }, "end": { "line": 203, "column": 45 } },
            "93": { "start": { "line": 216, "column": 16 }, "end": { "line": 216, "column": 65 } },
            "94": { "start": { "line": 216, "column": 52 }, "end": { "line": 216, "column": 65 } },
            "95": { "start": { "line": 217, "column": 16 }, "end": { "line": 217, "column": 79 } },
            "96": { "start": { "line": 217, "column": 66 }, "end": { "line": 217, "column": 79 } },
            "97": { "start": { "line": 218, "column": 16 }, "end": { "line": 218, "column": 45 } },
            "98": { "start": { "line": 224, "column": 27 }, "end": { "line": 224, "column": 88 } },
            "99": { "start": { "line": 225, "column": 26 }, "end": { "line": 225, "column": 50 } },
            "100": { "start": { "line": 227, "column": 12 }, "end": { "line": 231, "column": 13 } },
            "101": { "start": { "line": 230, "column": 27 }, "end": { "line": 230, "column": 46 } },
            "102": { "start": { "line": 238, "column": 16 }, "end": { "line": 238, "column": 71 } },
            "103": { "start": { "line": 238, "column": 59 }, "end": { "line": 238, "column": 71 } },
            "104": { "start": { "line": 239, "column": 28 }, "end": { "line": 239, "column": 41 } },
            "105": { "start": { "line": 240, "column": 16 }, "end": { "line": 240, "column": 51 } },
            "106": { "start": { "line": 252, "column": 12 }, "end": { "line": 252, "column": 71 } },
            "107": { "start": { "line": 253, "column": 26 }, "end": { "line": 253, "column": 58 } },
            "108": { "start": { "line": 255, "column": 12 }, "end": { "line": 259, "column": 13 } },
            "109": { "start": { "line": 258, "column": 27 }, "end": { "line": 258, "column": 46 } },
            "110": { "start": { "line": 262, "column": 28 }, "end": { "line": 262, "column": 70 } },
            "111": { "start": { "line": 263, "column": 26 }, "end": { "line": 263, "column": 84 } },
            "112": { "start": { "line": 265, "column": 12 }, "end": { "line": 269, "column": 13 } },
            "113": { "start": { "line": 268, "column": 27 }, "end": { "line": 268, "column": 46 } },
            "114": { "start": { "line": 275, "column": 23 }, "end": { "line": 275, "column": 46 } },
            "115": { "start": { "line": 276, "column": 20 }, "end": { "line": 276, "column": 49 } },
            "116": { "start": { "line": 277, "column": 28 }, "end": { "line": 277, "column": 93 } },
            "117": { "start": { "line": 278, "column": 25 }, "end": { "line": 278, "column": 81 } },
            "118": { "start": { "line": 279, "column": 8 }, "end": { "line": 279, "column": 38 } }
        },
        "fnMap": {
            "0": {
                "name": "(anonymous_0)",
                "decl": {
                    "start": { "line": 28, "column": 18 },
                    "end": { "line": 28, "column": 19 }
                },
                "loc": {
                    "start": { "line": 29, "column": 4 },
                    "end": { "line": 29, "column": 78 }
                },
                "line": 29
            },
            "1": {
                "name": "(anonymous_1)",
                "decl": {
                    "start": { "line": 35, "column": 12 },
                    "end": { "line": 35, "column": 13 }
                },
                "loc": {
                    "start": { "line": 35, "column": 28 },
                    "end": { "line": 35, "column": 70 }
                },
                "line": 35
            },
            "2": {
                "name": "(anonymous_2)",
                "decl": {
                    "start": { "line": 36, "column": 14 },
                    "end": { "line": 36, "column": 15 }
                },
                "loc": {
                    "start": { "line": 37, "column": 12 },
                    "end": { "line": 37, "column": 97 }
                },
                "line": 37
            },
            "3": {
                "name": "(anonymous_3)",
                "decl": {
                    "start": { "line": 38, "column": 19 },
                    "end": { "line": 38, "column": 20 }
                },
                "loc": {
                    "start": { "line": 39, "column": 12 },
                    "end": { "line": 51, "column": 14 }
                },
                "line": 39
            },
            "4": {
                "name": "(anonymous_4)",
                "decl": {
                    "start": { "line": 40, "column": 20 },
                    "end": { "line": 40, "column": 21 }
                },
                "loc": {
                    "start": { "line": 40, "column": 36 },
                    "end": { "line": 40, "column": 78 }
                },
                "line": 40
            },
            "5": {
                "name": "(anonymous_5)",
                "decl": {
                    "start": { "line": 41, "column": 22 },
                    "end": { "line": 41, "column": 23 }
                },
                "loc": {
                    "start": { "line": 42, "column": 20 },
[...]
                    "end": { "line": 15, "column": 52 }
                },
                "type": "default-arg",
                "locations": [
                    { "start": { "line": 15, "column": 50 }, "end": { "line": 15, "column": 52 } }
                ],
                "line": 15
            },
            "1": {
                "loc": {
                    "start": { "line": 16, "column": 23 },
                    "end": { "line": 16, "column": 96 }
                },
                "type": "binary-expr",
                "locations": [
                    { "start": { "line": 16, "column": 23 }, "end": { "line": 16, "column": 43 } },
                    { "start": { "line": 16, "column": 47 }, "end": { "line": 16, "column": 96 } }
                ],
                "line": 16
            }
        },
        "s": { "0": 3, "1": 3, "2": 367, "3": 367, "4": 367, "5": 367 },
        "f": { "0": 367 },
        "b": { "0": [238], "1": [367, 321] },
        "inputSourceMap": null,
        "_coverageSchema": "1a1c01bbd47fc00a2c39e90264f33305004495a9",
        "hash": "0f3a8206318588a7ac21c78aa05212de34fff376"
    },
    "/Users/oduori/projects/dmvic/test/fixtures/class-a-certificate-request-payload.mjs": {
        "path": "/Users/oduori/projects/dmvic/test/fixtures/class-a-certificate-request-payload.mjs",
        "statementMap": {
            "0": { "start": { "line": 11, "column": 15 }, "end": { "line": 11, "column": 27 } },
            "1": { "start": { "line": 13, "column": 20 }, "end": { "line": 13, "column": 86 } },
            "2": { "start": { "line": 15, "column": 43 }, "end": { "line": 33, "column": 1 } },
            "3": { "start": { "line": 19, "column": 8 }, "end": { "line": 19, "column": 17 } },
            "4": { "start": { "line": 20, "column": 22 }, "end": { "line": 20, "column": 66 } },
            "5": { "start": { "line": 21, "column": 4 }, "end": { "line": 25, "column": 5 } },
            "6": { "start": { "line": 22, "column": 8 }, "end": { "line": 22, "column": 80 } },
            "7": { "start": { "line": 24, "column": 8 }, "end": { "line": 24, "column": 38 } },
            "8": { "start": { "line": 27, "column": 4 }, "end": { "line": 32, "column": 6 } }
        },
        "fnMap": {
            "0": {
                "name": "(anonymous_0)",
                "decl": {
                    "start": { "line": 15, "column": 43 },
                    "end": { "line": 15, "column": 44 }
                },
                "loc": {
                    "start": { "line": 15, "column": 63 },
                    "end": { "line": 33, "column": 1 }
                },
                "line": 15
            }
        },
        "branchMap": {
            "0": {
                "loc": {
                    "start": { "line": 15, "column": 44 },
                    "end": { "line": 15, "column": 58 }
                },
                "type": "default-arg",
                "locations": [
                    { "start": { "line": 15, "column": 56 }, "end": { "line": 15, "column": 58 } }
                ],
                "line": 15
            },
            "1": {
                "loc": {
                    "start": { "line": 17, "column": 8 },
                    "end": { "line": 17, "column": 86 }
                },
                "type": "default-arg",
                "locations": [
                    { "start": { "line": 17, "column": 26 }, "end": { "line": 17, "column": 86 } }
                ],
                "line": 17
            },
            "2": {
                "loc": {
                    "start": { "line": 18, "column": 8 },
                    "end": { "line": 18, "column": 61 }
                },
                "type": "default-arg",
                "locations": [
                    { "start": { "line": 18, "column": 25 }, "end": { "line": 18, "column": 61 } }
                ],
                "line": 18
            },
            "3": {
                "loc": {
                    "start": { "line": 20, "column": 22 },
                    "end": { "line": 20, "column": 66 }
                },
                "type": "binary-expr",
                "locations": [
                    { "start": { "line": 20, "column": 22 }, "end": { "line": 20, "column": 41 } },
                    { "start": { "line": 20, "column": 45 }, "end": { "line": 20, "column": 66 } }
                ],
                "line": 20
            },
            "4": {
                "loc": { "start": { "line": 21, "column": 4 }, "end": { "line": 25, "column": 5 } },
                "type": "if",
                "locations": [
                    { "start": { "line": 21, "column": 4 }, "end": { "line": 25, "column": 5 } },
                    { "start": { "line": 23, "column": 11 }, "end": { "line": 25, "column": 5 } }
                ],
                "line": 21
            }
        },
        "s": { "0": 3, "1": 3, "2": 3, "3": 107, "4": 107, "5": 107, "6": 100, "7": 7, "8": 107 },
        "f": { "0": 107 },
        "b": { "0": [5], "1": [101], "2": [107], "3": [107, 104], "4": [100, 7] },
        "inputSourceMap": null,
        "_coverageSchema": "1a1c01bbd47fc00a2c39e90264f33305004495a9",
        "hash": "4d6c6cdb79d752b82697238d09bd978f461b4f21"
    },
    "/Users/oduori/projects/dmvic/test/fixtures/class-b-certificate-request-payload.mjs": {
        "path": "/Users/oduori/projects/dmvic/test/fixtures/class-b-certificate-request-payload.mjs",
        "statementMap": {
            "0": { "start": { "line": 11, "column": 15 }, "end": { "line": 11, "column": 27 } },
            "1": { "start": { "line": 13, "column": 20 }, "end": { "line": 13, "column": 86 } },
            "2": { "start": { "line": 15, "column": 43 }, "end": { "line": 35, "column": 1 } },
            "3": { "start": { "line": 20, "column": 8 }, "end": { "line": 20, "column": 17 } },
            "4": { "start": { "line": 21, "column": 22 }, "end": { "line": 21, "column": 66 } },
            "5": { "start": { "line": 22, "column": 4 }, "end": { "line": 26, "column": 5 } },
            "6": { "start": { "line": 23, "column": 8 }, "end": { "line": 23, "column": 80 } },
            "7": { "start": { "line": 25, "column": 8 }, "end": { "line": 25, "column": 38 } },
            "8": { "start": { "line": 28, "column": 4 }, "end": { "line": 34, "column": 6 } }
        },
        "fnMap": {
            "0": {
                "name": "(anonymous_0)",
                "decl": {
                    "start": { "line": 15, "column": 43 },
                    "end": { "line": 15, "column": 44 }
                },
                "loc": {
                    "start": { "line": 15, "column": 63 },
                    "end": { "line": 35, "column": 1 }
                },
                "line": 15
            }
        },
        "branchMap": {
            "0": {
                "loc": {
                    "start": { "line": 15, "column": 44 },
                    "end": { "line": 15, "column": 58 }
                },
                "type": "default-arg",
                "locations": [
                    { "start": { "line": 15, "column": 56 }, "end": { "line": 15, "column": 58 } }
                ],
                "line": 15
            },
            "1": {
                "loc": {
                    "start": { "line": 17, "column": 8 },
                    "end": { "line": 17, "column": 61 }
                },
                "type": "default-arg",
                "locations": [
                    { "start": { "line": 17, "column": 25 }, "end": { "line": 17, "column": 61 } }
                ],
                "line": 17
            },
            "2": {
                "loc": {
                    "start": { "line": 18, "column": 8 },
                    "end": { "line": 18, "column": 60 }
                },
                "type": "default-arg",
                "locations": [
                    { "start": { "line": 18, "column": 25 }, "end": { "line": 18, "column": 60 } }
                ],
                "line": 18
            },
            "3": {
                "loc": {
                    "start": { "line": 19, "column": 8 },
                    "end": { "line": 19, "column": 70 }
                },
                "type": "default-arg",
                "locations": [
                    { "start": { "line": 19, "column": 22 }, "end": { "line": 19, "column": 70 } }
                ],
                "line": 19
            },
            "4": {
                "loc": {
                    "start": { "line": 21, "column": 22 },
                    "end": { "line": 21, "column": 66 }
                },
                "type": "binary-expr",
                "locations": [
                    { "start": { "line": 21, "column": 22 }, "end": { "line": 21, "column": 41 } },
                    { "start": { "line": 21, "column": 45 }, "end": { "line": 21, "column": 66 } }
                ],
                "line": 21
            },
            "5": {
                "loc": { "start": { "line": 22, "column": 4 }, "end": { "line": 26, "column": 5 } },
                "type": "if",
                "locations": [
                    { "start": { "line": 22, "column": 4 }, "end": { "line": 26, "column": 5 } },
                    { "start": { "line": 24, "column": 11 }, "end": { "line": 26, "column": 5 } }
                ],
                "line": 22
            }
        },
        "s": { "0": 3, "1": 3, "2": 3, "3": 124, "4": 124, "5": 124, "6": 9, "7": 115, "8": 124 },
        "f": { "0": 124 },
        "b": { "0": [17], "1": [124], "2": [123], "3": [112], "4": [124, 121], "5": [9, 115] },
        "inputSourceMap": null,
        "_coverageSchema": "1a1c01bbd47fc00a2c39e90264f33305004495a9",
        "hash": "b5a477643790e457de0af139889c3f62a598e335"
    },
    "/Users/oduori/projects/dmvic/test/fixtures/class-c-certificate-request-payload.mjs": {
        "path": "/Users/oduori/projects/dmvic/test/fixtures/class-c-certificate-request-payload.mjs",
        "statementMap": {
            "0": { "start": { "line": 6, "column": 15 }, "end": { "line": 6, "column": 27 } },
            "1": { "start": { "line": 8, "column": 20 }, "end": { "line": 8, "column": 86 } },
            "2": { "start": { "line": 10, "column": 43 }, "end": { "line": 22, "column": 1 } },
            "3": { "start": { "line": 11, "column": 22 }, "end": { "line": 11, "column": 66 } },
            "4": { "start": { "line": 12, "column": 4 }, "end": { "line": 16, "column": 5 } },
            "5": { "start": { "line": 13, "column": 8 }, "end": { "line": 13, "column": 80 } },
            "6": { "start": { "line": 15, "column": 8 }, "end": { "line": 15, "column": 38 } },
            "7": { "start": { "line": 18, "column": 4 }, "end": { "line": 21, "column": 6 } }
        },
        "fnMap": {
            "0": {
                "name": "(anonymous_0)",
                "decl": {
                    "start": { "line": 10, "column": 43 },
                    "end": { "line": 10, "column": 44 }
                },
                "loc": {
                    "start": { "line": 10, "column": 63 },
                    "end": { "line": 22, "column": 1 }
                },
                "line": 10
            }
        },
        "branchMap": {
            "0": {
                "loc": {
                    "start": { "line": 10, "column": 44 },
                    "end": { "line": 10, "column": 58 }
                },
                "type": "default-arg",
                "locations": [
                    { "start": { "line": 10, "column": 56 }, "end": { "line": 10, "column": 58 } }
                ],
                "line": 10
            },
            "1": {
                "loc": {
                    "start": { "line": 11, "column": 22 },
                    "end": { "line": 11, "column": 66 }
                },
                "type": "binary-expr",
                "locations": [
                    { "start": { "line": 11, "column": 22 }, "end": { "line": 11, "column": 41 } },
                    { "start": { "line": 11, "column": 45 }, "end": { "line": 11, "column": 66 } }
                ],
                "line": 11
            },
            "2": {
                "loc": { "start": { "line": 12, "column": 4 }, "end": { "line": 16, "column": 5 } },
                "type": "if",
                "locations": [
                    { "start": { "line": 12, "column": 4 }, "end": { "line": 16, "column": 5 } },
                    { "start": { "line": 14, "column": 11 }, "end": { "line": 16, "column": 5 } }
                ],
                "line": 12
            }
        },
        "s": { "0": 3, "1": 3, "2": 3, "3": 95, "4": 95, "5": 17, "6": 78, "7": 95 },
        "f": { "0": 95 },
        "b": { "0": [3], "1": [95, 90], "2": [17, 78] },
        "inputSourceMap": null,
        "_coverageSchema": "1a1c01bbd47fc00a2c39e90264f33305004495a9",
        "hash": "225fb4c8c489713d2c4bf02e46567eafea0861da"
    },
    "/Users/oduori/projects/dmvic/test/fixtures/class-d-certificate-request-payload.mjs": {
        "path": "/Users/oduori/projects/dmvic/test/fixtures/class-d-certificate-request-payload.mjs",
        "statementMap": {
            "0": { "start": { "line": 13, "column": 15 }, "end": { "line": 13, "column": 27 } },
            "1": { "start": { "line": 15, "column": 20 }, "end": { "line": 15, "column": 86 } },
            "2": { "start": { "line": 17, "column": 43 }, "end": { "line": 52, "column": 1 } },
            "3": { "start": { "line": 18, "column": 4 }, "end": { "line": 20, "column": 5 } },
            "4": { "start": { "line": 19, "column": 8 }, "end": { "line": 19, "column": 97 } },
            "5": { "start": { "line": 22, "column": 22 }, "end": { "line": 22, "column": 66 } },
            "6": { "start": { "line": 23, "column": 4 }, "end": { "line": 27, "column": 5 } },
            "7": { "start": { "line": 24, "column": 8 }, "end": { "line": 24, "column": 80 } },
            "8": { "start": { "line": 26, "column": 8 }, "end": { "line": 26, "column": 38 } },
            "9": { "start": { "line": 29, "column": 36 }, "end": { "line": 29, "column": 61 } },
            "10": { "start": { "line": 30, "column": 4 }, "end": { "line": 38, "column": 5 } },
            "11": { "start": { "line": 35, "column": 8 }, "end": { "line": 35, "column": 72 } },
            "12": { "start": { "line": 37, "column": 8 }, "end": { "line": 37, "column": 40 } },
            "13": { "start": { "line": 40, "column": 4 }, "end": { "line": 46, "column": 5 } },
            "14": { "start": { "line": 43, "column": 8 }, "end": { "line": 43, "column": 71 } },
            "15": { "start": { "line": 45, "column": 8 }, "end": { "line": 45, "column": 40 } },
            "16": { "start": { "line": 48, "column": 4 }, "end": { "line": 51, "column": 6 } }
        },
        "fnMap": {
            "0": {
                "name": "(anonymous_0)",
                "decl": {
                    "start": { "line": 17, "column": 43 },
                    "end": { "line": 17, "column": 44 }
                },
                "loc": {
                    "start": { "line": 17, "column": 63 },
                    "end": { "line": 52, "column": 1 }
                },
                "line": 17
            }
        },
        "branchMap": {
            "0": {
                "loc": {
                    "start": { "line": 17, "column": 44 },
                    "end": { "line": 17, "column": 58 }
                },
                "type": "default-arg",
                "locations": [
                    { "start": { "line": 17, "column": 56 }, "end": { "line": 17, "column": 58 } }
                ],
                "line": 17
            },
            "1": {
                "loc": { "start": { "line": 18, "column": 4 }, "end": { "line": 20, "column": 5 } },
                "type": "if",
                "locations": [
                    { "start": { "line": 18, "column": 4 }, "end": { "line": 20, "column": 5 } },
                    { "start": {}, "end": {} }
                ],
                "line": 18
            },
            "2": {
                "loc": {
                    "start": { "line": 22, "column": 22 },
                    "end": { "line": 22, "column": 66 }
                },
                "type": "binary-expr",
                "locations": [
                    { "start": { "line": 22, "column": 22 }, "end": { "line": 22, "column": 41 } },
                    { "start": { "line": 22, "column": 45 }, "end": { "line": 22, "column": 66 } }
                ],
                "line": 22
            },
            "3": {
                "loc": { "start": { "line": 23, "column": 4 }, "end": { "line": 27, "column": 5 } },
                "type": "if",
                "locations": [
                    { "start": { "line": 23, "column": 4 }, "end": { "line": 27, "column": 5 } },
                    { "start": { "line": 25, "column": 11 }, "end": { "line": 27, "column": 5 } }
                ],
                "line": 23
            },
            "4": {
                "loc": { "start": { "line": 30, "column": 4 }, "end": { "line": 38, "column": 5 } },
                "type": "if",
                "locations": [
                    { "start": { "line": 30, "column": 4 }, "end": { "line": 38, "column": 5 } },
                    { "start": { "line": 36, "column": 11 }, "end": { "line": 38, "column": 5 } }
                ],
                "line": 30
            },
            "5": {
                "loc": { "start": { "line": 40, "column": 4 }, "end": { "line": 46, "column": 5 } },
                "type": "if",
                "locations": [
                    { "start": { "line": 40, "column": 4 }, "end": { "line": 46, "column": 5 } },
                    { "start": { "line": 44, "column": 11 }, "end": { "line": 46, "column": 5 } }
                ],
                "line": 40
            }
        },
        "s": {
            "0": 3,
            "1": 3,
            "2": 3,
            "3": 94,
            "4": 82,
            "5": 94,
            "6": 94,
            "7": 92,
            "8": 2,
            "9": 94,
            "10": 94,
            "11": 55,
            "12": 39,
            "13": 94,
            "14": 38,
            "15": 56,
            "16": 94
        },
        "f": { "0": 94 },
        "b": { "0": [3], "1": [82, 12], "2": [94, 89], "3": [92, 2], "4": [55, 39], "5": [38, 56] },
        "inputSourceMap": null,
        "_coverageSchema": "1a1c01bbd47fc00a2c39e90264f33305004495a9",
        "hash": "74baecdf027934e44e644586e39c20e7130ce01e"
    },
    "/Users/oduori/projects/dmvic/test/mocks/mocks.mjs": {
        "path": "/Users/oduori/projects/dmvic/test/mocks/mocks.mjs",
        "statementMap": {
            "0": { "start": { "line": 10, "column": 26 }, "end": { "line": 10, "column": 51 } },
            "1": { "start": { "line": 11, "column": 23 }, "end": { "line": 11, "column": 45 } },
            "2": { "start": { "line": 12, "column": 27 }, "end": { "line": 12, "column": 53 } },
            "3": { "start": { "line": 13, "column": 22 }, "end": { "line": 13, "column": 50 } },
            "4": { "start": { "line": 14, "column": 27 }, "end": { "line": 14, "column": 53 } },
            "5": { "start": { "line": 15, "column": 28 }, "end": { "line": 15, "column": 62 } },
            "6": { "start": { "line": 16, "column": 22 }, "end": { "line": 16, "column": 43 } },
            "7": { "start": { "line": 17, "column": 20 }, "end": { "line": 17, "column": 48 } },
            "8": { "start": { "line": 18, "column": 26 }, "end": { "line": 18, "column": 51 } }
        },
        "fnMap": {},
        "branchMap": {},
        "s": { "0": 6, "1": 6, "2": 6, "3": 6, "4": 6, "5": 6, "6": 6, "7": 6, "8": 6 },
        "f": {},
        "b": {},
        "inputSourceMap": null,
        "_coverageSchema": "1a1c01bbd47fc00a2c39e90264f33305004495a9",
        "hash": "837e888527af48510711f941374fc75d32a0ed6f"
    }
}
