TN:
SF:lib/index.mjs
FNF:0
FNH:0
LF:0
LH:0
BRF:0
BRH:0
end_of_record
TN:
SF:lib/api/authenticate.mjs
FN:5,(anonymous_0)
FNF:1
FNH:1
FNDA:2,(anonymous_0)
DA:5,2
DA:6,2
DA:11,2
LF:3
LH:3
BRF:0
BRH:0
end_of_record
TN:
SF:lib/api/cancel-certificate.mjs
FN:5,(anonymous_0)
FNF:1
FNH:1
FNDA:4,(anonymous_0)
DA:5,2
DA:6,4
DA:12,3
DA:17,3
LF:4
LH:4
BRF:0
BRH:0
end_of_record
TN:
SF:lib/api/check-insurance-status.mjs
FN:5,(anonymous_0)
FNF:1
FNH:1
FNDA:7,(anonymous_0)
DA:5,2
DA:6,7
DA:7,1
DA:10,6
DA:16,4
LF:5
LH:5
BRDA:5,0,0,0
BRDA:6,1,0,1
BRDA:6,1,1,6
BRDA:6,2,0,7
BRDA:6,2,1,2
BRF:5
BRH:4
end_of_record
TN:
SF:lib/api/get-certificate-pdf.mjs
FN:4,(anonymous_0)
FNF:1
FNH:1
FNDA:2,(anonymous_0)
DA:4,2
DA:5,2
DA:8,2
LF:3
LH:3
BRF:0
BRH:0
end_of_record
TN:
SF:lib/api/initialize.mjs
FN:4,(anonymous_0)
FNF:1
FNH:1
FNDA:9,(anonymous_0)
DA:4,2
DA:5,9
DA:6,4
DA:9,5
DA:11,5
DA:12,1
DA:15,4
DA:16,4
DA:18,3
DA:19,3
DA:20,3
LF:11
LH:11
BRDA:5,0,0,4
BRDA:5,0,1,5
BRDA:5,1,0,9
BRDA:5,1,1,6
BRDA:11,2,0,1
BRDA:11,2,1,4
BRDA:11,3,0,5
BRDA:11,3,1,4
BRDA:15,4,0,4
BRDA:15,4,1,0
BRDA:18,5,0,3
BRDA:18,5,1,0
BRF:12
BRH:10
end_of_record
TN:
SF:lib/api/request-insurance-certificate.mjs
FN:10,(anonymous_0)
FNF:1
FNH:1
FNDA:24,(anonymous_0)
DA:10,2
DA:11,24
DA:13,16
DA:14,16
DA:15,16
DA:17,4
DA:18,0
DA:20,4
DA:23,12
DA:24,8
DA:26,8
LF:11
LH:10
BRDA:17,0,0,0
BRDA:17,0,1,4
BRF:2
BRH:1
end_of_record
TN:
SF:lib/api/stock-status.mjs
FN:5,(anonymous_0)
FNF:1
FNH:1
FNDA:93,(anonymous_0)
DA:5,2
DA:6,93
DA:8,62
DA:12,62
LF:4
LH:4
BRF:0
BRH:0
end_of_record
TN:
SF:lib/api/verify-insurance-certificate.mjs
FN:4,(anonymous_0)
FNF:1
FNH:1
FNDA:10,(anonymous_0)
DA:4,2
DA:8,10
DA:9,3
DA:12,7
DA:13,1
DA:16,6
DA:22,6
LF:7
LH:7
BRDA:8,0,0,3
BRDA:8,0,1,7
BRDA:12,1,0,1
BRDA:12,1,1,6
BRDA:12,2,0,7
BRDA:12,2,1,3
BRF:6
BRH:6
end_of_record
TN:
SF:lib/config/api-configs.mjs
FN:6,getApiBaseUrl
FN:17,(anonymous_1)
FN:19,(anonymous_2)
FNF:3
FNH:3
FNDA:2,getApiBaseUrl
FNDA:21,(anonymous_1)
FNDA:84,(anonymous_2)
DA:1,7
DA:7,2
DA:9,2
DA:10,1
DA:13,1
DA:16,7
DA:17,7
DA:18,21
DA:19,84
DA:25,7
LF:10
LH:10
BRDA:6,0,0,1
BRDA:9,1,0,1
BRDA:9,1,1,1
BRF:3
BRH:3
end_of_record
TN:
SF:lib/utils/api-helpers.mjs
FN:4,(anonymous_0)
FN:14,(anonymous_1)
FN:31,(anonymous_2)
FN:45,(anonymous_3)
FN:50,(anonymous_4)
FNF:5
FNH:5
FNDA:15,(anonymous_0)
FNDA:5,(anonymous_1)
FNDA:23,(anonymous_2)
FNDA:15,(anonymous_3)
FNDA:2,(anonymous_4)
DA:4,2
DA:5,15
DA:6,6
DA:9,9
DA:10,6
DA:14,2
DA:21,5
DA:22,5
DA:31,2
DA:32,23
DA:33,1
DA:36,22
DA:37,1
DA:40,21
DA:41,1
DA:45,2
DA:46,15
DA:47,3
DA:50,2
DA:51,2
LF:20
LH:20
BRDA:5,0,0,6
BRDA:5,0,1,9
BRDA:5,1,0,15
BRDA:5,1,1,12
BRDA:9,2,0,6
BRDA:9,2,1,3
BRDA:17,3,0,0
BRDA:18,4,0,0
BRDA:19,5,0,0
BRDA:32,6,0,1
BRDA:32,6,1,22
BRDA:36,7,0,1
BRDA:36,7,1,21
BRDA:40,8,0,1
BRDA:40,8,1,20
BRDA:45,9,0,15
BRDA:50,10,0,2
BRF:17
BRH:14
end_of_record
TN:
SF:lib/utils/cache.mjs
FN:1,(anonymous_0)
FN:4,(anonymous_1)
FN:5,(anonymous_2)
FN:8,(anonymous_3)
FN:9,(anonymous_4)
FNF:5
FNH:5
FNDA:2,(anonymous_0)
FNDA:4,(anonymous_1)
FNDA:5,(anonymous_2)
FNDA:3,(anonymous_3)
FNDA:7,(anonymous_4)
DA:1,2
DA:2,2
DA:3,2
DA:4,4
DA:6,5
DA:8,3
DA:10,7
LF:7
LH:7
BRF:0
BRH:0
end_of_record
TN:
SF:lib/utils/cancellation-reasons.mjs
FNF:0
FNH:0
DA:1,3
LF:1
LH:1
BRF:0
BRH:0
end_of_record
TN:
SF:lib/utils/certificates-handler.mjs
FN:11,(anonymous_0)
FN:26,(anonymous_1)
FN:42,(anonymous_2)
FNF:3
FNH:3
FNDA:5,(anonymous_0)
FNDA:12,(anonymous_1)
FNDA:2,(anonymous_2)
DA:11,3
DA:12,5
DA:13,5
DA:14,10
DA:16,10
DA:18,0
DA:23,5
DA:26,3
DA:27,12
DA:29,5
DA:34,5
DA:35,5
DA:36,5
DA:38,5
DA:39,5
DA:42,3
DA:43,2
DA:44,1
DA:46,1
LF:19
LH:18
BRDA:26,0,0,10
BRDA:42,1,0,0
BRDA:43,2,0,1
BRDA:43,2,1,1
BRF:4
BRH:3
end_of_record
TN:
SF:lib/utils/constants.mjs
FNF:0
FNH:0
DA:3,5
DA:12,5
DA:17,5
DA:22,5
DA:26,5
DA:31,5
DA:36,5
DA:41,5
DA:46,5
DA:51,5
DA:57,5
DA:63,5
DA:65,5
LF:13
LH:13
BRF:0
BRH:0
end_of_record
TN:
SF:lib/utils/dmvic-error-responses.mjs
FNF:0
FNH:0
DA:1,1
LF:1
LH:1
BRF:0
BRH:0
end_of_record
TN:
SF:lib/utils/generate-insurance-payload.mjs
FN:10,optionalData
FN:20,(anonymous_1)
FNF:2
FNH:2
FNDA:51,optionalData
FNDA:55,(anonymous_1)
DA:11,51
DA:20,2
DA:21,55
DA:40,54
DA:41,51
DA:43,53
LF:6
LH:6
BRDA:40,0,0,51
BRDA:40,0,1,2
BRF:2
BRH:2
end_of_record
TN:
SF:lib/utils/http-client.mjs
FN:9,(anonymous_0)
FN:27,(anonymous_1)
FNF:2
FNH:2
FNDA:5,(anonymous_0)
FNDA:4,(anonymous_1)
DA:9,2
DA:10,5
DA:12,4
DA:13,3
DA:14,2
DA:15,2
DA:24,2
DA:27,2
DA:28,4
DA:30,2
LF:10
LH:10
BRDA:10,0,0,1
BRDA:10,0,1,4
BRF:2
BRH:2
end_of_record
TN:
SF:lib/utils/insurers.mjs
FNF:0
FNH:0
DA:2,6
LF:1
LH:1
BRF:0
BRH:0
end_of_record
TN:
SF:lib/utils/logger.mjs
FN:1,logger
FN:3,(anonymous_1)
FNF:2
FNH:2
FNDA:20,logger
FNDA:30,(anonymous_1)
DA:2,20
DA:4,30
DA:5,6
DA:6,6
DA:8,1
DA:11,24
DA:15,20
DA:16,20
DA:21,3
DA:24,17
LF:10
LH:10
BRDA:4,0,0,6
BRDA:4,0,1,24
BRDA:4,1,0,30
BRDA:4,1,1,7
BRDA:16,2,0,3
BRDA:16,2,1,17
BRDA:17,3,0,20
BRDA:17,3,1,19
BRDA:17,3,2,18
BRF:9
BRH:9
end_of_record
TN:
SF:lib/utils/omit-empty-values.mjs
FN:1,(anonymous_0)
FN:5,(anonymous_1)
FNF:2
FNH:2
FNDA:29,(anonymous_0)
FNDA:57,(anonymous_1)
DA:1,3
DA:2,29
DA:3,6
DA:5,57
LF:4
LH:4
BRDA:2,0,0,6
BRDA:2,0,1,23
BRDA:2,1,0,29
BRDA:2,1,1,27
BRDA:2,1,2,24
BRF:5
BRH:5
end_of_record
TN:
SF:lib/utils/parse-http-response.mjs
FN:4,(anonymous_0)
FN:31,(anonymous_1)
FN:40,(anonymous_2)
FN:71,(anonymous_3)
FNF:4
FNH:0
FNDA:0,(anonymous_0)
FNDA:0,(anonymous_1)
FNDA:0,(anonymous_2)
FNDA:0,(anonymous_3)
DA:4,1
DA:6,0
DA:7,0
DA:21,0
DA:31,1
DA:32,0
DA:33,0
DA:34,0
DA:37,0
DA:40,1
DA:45,0
DA:53,0
DA:54,0
DA:55,0
DA:56,0
DA:59,0
DA:71,1
DA:73,0
DA:74,0
DA:75,0
DA:79,0
DA:81,0
DA:84,0
LF:23
LH:4
BRDA:6,0,0,0
BRDA:6,0,1,0
BRDA:24,1,0,0
BRDA:24,1,1,0
BRDA:26,2,0,0
BRDA:26,2,1,0
BRDA:33,3,0,0
BRDA:33,3,1,0
BRDA:45,4,0,0
BRDA:45,4,1,0
BRDA:45,4,2,0
BRDA:48,5,0,0
BRDA:48,5,1,0
BRDA:49,6,0,0
BRDA:49,6,1,0
BRDA:54,7,0,0
BRDA:54,7,1,0
BRDA:55,8,0,0
BRDA:55,8,1,0
BRDA:75,9,0,0
BRDA:75,9,1,0
BRDA:76,10,0,0
BRDA:76,10,1,0
BRDA:76,10,2,0
BRF:24
BRH:0
end_of_record
TN:
SF:lib/utils/payload-schema.mjs
FN:28,(anonymous_0)
FN:35,(anonymous_1)
FN:36,(anonymous_2)
FN:38,(anonymous_3)
FN:40,(anonymous_4)
FN:41,(anonymous_5)
FN:45,(anonymous_6)
FN:49,(anonymous_7)
FN:58,(anonymous_8)
FN:63,(anonymous_9)
FN:78,(anonymous_10)
FN:100,(anonymous_11)
FN:108,(anonymous_12)
FN:134,(anonymous_13)
FN:148,(anonymous_14)
FN:150,(anonymous_15)
FN:151,(anonymous_16)
FN:155,(anonymous_17)
FN:167,(anonymous_18)
FN:198,(anonymous_19)
FN:215,(anonymous_20)
FN:224,(anonymous_21)
FN:225,(anonymous_22)
FN:226,(anonymous_23)
FN:230,(anonymous_24)
FN:237,(anonymous_25)
FN:251,(anonymous_26)
FN:253,(anonymous_27)
FN:254,(anonymous_28)
FN:258,(anonymous_29)
FN:262,(anonymous_30)
FN:263,(anonymous_31)
FN:264,(anonymous_32)
FN:268,(anonymous_33)
FN:274,(anonymous_34)
FNF:35
FNH:35
FNDA:1133,(anonymous_0)
FNDA:658,(anonymous_1)
FNDA:173,(anonymous_2)
FNDA:485,(anonymous_3)
FNDA:485,(anonymous_4)
FNDA:141,(anonymous_5)
FNDA:344,(anonymous_6)
FNDA:159,(anonymous_7)
FNDA:114,(anonymous_8)
FNDA:114,(anonymous_9)
FNDA:114,(anonymous_10)
FNDA:131,(anonymous_11)
FNDA:126,(anonymous_12)
FNDA:116,(anonymous_13)
FNDA:495,(anonymous_14)
FNDA:338,(anonymous_15)
FNDA:157,(anonymous_16)
FNDA:42,(anonymous_17)
FNDA:154,(anonymous_18)
FNDA:181,(anonymous_19)
FNDA:194,(anonymous_20)
FNDA:578,(anonymous_21)
FNDA:284,(anonymous_22)
FNDA:294,(anonymous_23)
FNDA:110,(anonymous_24)
FNDA:248,(anonymous_25)
FNDA:638,(anonymous_26)
FNDA:242,(anonymous_27)
FNDA:396,(anonymous_28)
FNDA:177,(anonymous_29)
FNDA:667,(anonymous_30)
FNDA:201,(anonymous_31)
FNDA:466,(anonymous_32)
FNDA:221,(anonymous_33)
FNDA:349,(anonymous_34)
DA:17,2
DA:23,2
DA:28,2
DA:29,1133
DA:31,2
DA:35,658
DA:37,173
DA:39,485
DA:40,485
DA:42,141
DA:46,344
DA:49,159
DA:59,114
DA:60,114
DA:61,114
DA:64,114
DA:66,114
DA:67,114
DA:69,114
DA:70,114
DA:71,114
DA:73,114
DA:79,114
DA:81,114
DA:82,114
DA:84,114
DA:85,114
DA:90,114
DA:95,114
DA:101,131
DA:102,131
DA:103,131
DA:109,126
DA:111,122
DA:112,122
DA:114,122
DA:115,5
DA:117,117
DA:122,117
DA:128,117
DA:135,116
DA:137,116
DA:138,116
DA:140,116
DA:141,116
DA:143,116
DA:144,116
DA:149,495
DA:150,338
DA:152,157
DA:155,42
DA:168,154
DA:169,154
DA:170,154
DA:172,154
DA:173,153
DA:174,152
DA:175,151
DA:177,150
DA:178,150
DA:179,149
DA:180,148
DA:182,147
DA:183,146
DA:199,181
DA:200,1
DA:201,1
DA:202,1
DA:203,1
DA:216,194
DA:217,187
DA:218,183
DA:224,578
DA:225,284
DA:227,294
DA:230,110
DA:238,248
DA:239,248
DA:240,248
DA:252,638
DA:253,242
DA:255,396
DA:258,177
DA:262,667
DA:263,201
DA:265,466
DA:268,221
DA:275,349
DA:276,349
DA:277,349
DA:278,349
DA:279,349
LF:92
LH:92
BRDA:29,0,0,1133
BRDA:29,0,1,659
BRDA:59,1,0,0
BRDA:59,1,1,114
BRDA:64,2,0,0
BRDA:64,2,1,114
BRDA:67,3,0,0
BRDA:67,3,1,114
BRDA:79,4,0,0
BRDA:79,4,1,114
BRDA:82,5,0,0
BRDA:82,5,1,114
BRDA:101,6,0,0
BRDA:101,6,1,131
BRDA:109,7,0,4
BRDA:109,7,1,122
BRDA:109,8,0,126
BRDA:109,8,1,126
BRDA:114,9,0,5
BRDA:114,9,1,117
BRDA:114,10,0,122
BRDA:114,10,1,122
BRDA:135,11,0,0
BRDA:135,11,1,116
BRDA:135,12,0,116
BRDA:135,12,1,116
BRDA:138,13,0,0
BRDA:138,13,1,116
BRDA:141,14,0,0
BRDA:141,14,1,116
BRDA:170,15,0,0
BRDA:170,15,1,154
BRDA:172,16,0,1
BRDA:172,16,1,153
BRDA:173,17,0,1
BRDA:173,17,1,152
BRDA:173,18,0,153
BRDA:173,18,1,152
BRDA:174,19,0,1
BRDA:174,19,1,151
BRDA:174,20,0,152
BRDA:174,20,1,151
BRDA:175,21,0,1
BRDA:175,21,1,150
BRDA:177,22,0,0
BRDA:177,22,1,150
BRDA:178,23,0,1
BRDA:178,23,1,149
BRDA:178,24,0,150
BRDA:178,24,1,150
BRDA:179,25,0,1
BRDA:179,25,1,148
BRDA:179,26,0,149
BRDA:179,26,1,149
BRDA:180,27,0,1
BRDA:180,27,1,147
BRDA:182,28,0,1
BRDA:182,28,1,146
BRDA:199,29,0,180
BRDA:199,29,1,1
BRDA:200,30,0,0
BRDA:200,30,1,1
BRDA:201,31,0,0
BRDA:201,31,1,1
BRDA:202,32,0,0
BRDA:202,32,1,1
BRDA:202,33,0,1
BRDA:202,33,1,1
BRDA:216,34,0,7
BRDA:216,34,1,187
BRDA:217,35,0,4
BRDA:217,35,1,183
BRDA:217,36,0,187
BRDA:217,36,1,185
BRDA:238,37,0,0
BRDA:238,37,1,248
BRDA:238,38,0,248
BRDA:238,38,1,248
BRDA:277,39,0,349
BRDA:277,39,1,4
BRDA:277,39,2,4
BRDA:278,40,0,349
BRDA:278,40,1,329
BRDA:278,40,2,324
BRF:84
BRH:69
end_of_record
TN:
SF:lib/utils/request-handler.mjs
FN:6,(anonymous_0)
FNF:1
FNH:1
FNDA:8,(anonymous_0)
DA:6,2
DA:7,8
DA:8,1
DA:11,7
DA:12,7
DA:18,7
DA:19,7
DA:26,6
DA:27,5
DA:29,2
LF:10
LH:10
BRDA:6,0,0,0
BRDA:6,1,0,0
BRDA:7,2,0,1
BRDA:7,2,1,7
BRDA:7,3,0,8
BRDA:7,3,1,3
BRDA:13,4,0,5
BRDA:13,4,1,2
BRF:8
BRH:6
end_of_record
TN:
SF:lib/utils/secrets-handler.mjs
FN:5,(anonymous_0)
FN:18,(anonymous_1)
FNF:2
FNH:2
FNDA:10,(anonymous_0)
FNDA:6,(anonymous_1)
DA:5,3
DA:6,10
DA:12,4
DA:13,20
DA:14,20
DA:18,3
DA:19,6
DA:20,2
DA:23,4
LF:9
LH:9
BRDA:5,0,0,10
BRDA:18,1,0,6
BRDA:19,2,0,2
BRDA:19,2,1,4
BRF:4
BRH:4
end_of_record
TN:
SF:lib/utils/standard-date-format.mjs
FN:1,standardizeDateFormat
FN:14,getDateToday
FN:18,getAnnualExpiry
FN:22,getISOAnnualExpiry
FNF:4
FNH:4
FNDA:123,standardizeDateFormat
FNDA:1,getDateToday
FNDA:6,getAnnualExpiry
FNDA:248,getISOAnnualExpiry
DA:2,123
DA:3,123
DA:4,111
DA:7,123
DA:8,6
DA:11,117
DA:15,1
DA:19,6
DA:23,248
DA:24,248
DA:25,248
DA:26,248
LF:12
LH:12
BRDA:3,0,0,111
BRDA:3,0,1,12
BRDA:3,1,0,123
BRDA:3,1,1,12
BRDA:7,2,0,6
BRDA:7,2,1,117
BRDA:7,3,0,123
BRDA:7,3,1,119
BRDA:22,4,0,114
BRF:9
BRH:9
end_of_record
TN:
SF:lib/utils/config-validation/certificates-validator.mjs
FN:7,(anonymous_0)
FN:22,validateCertConfig
FN:29,(anonymous_2)
FN:59,(anonymous_3)
FN:93,(anonymous_4)
FNF:5
FNH:4
FNDA:8,(anonymous_0)
FNDA:11,validateCertConfig
FNDA:15,(anonymous_2)
FNDA:0,(anonymous_3)
FNDA:9,(anonymous_4)
DA:5,11
DA:7,11
DA:8,8
DA:12,8
DA:13,8
DA:14,8
DA:15,2
DA:19,6
DA:23,11
DA:24,2
DA:27,9
DA:28,9
DA:29,15
DA:30,9
DA:31,1
DA:36,8
DA:38,8
DA:39,8
DA:41,8
DA:42,4
DA:44,8
DA:45,4
DA:48,8
DA:49,1
DA:52,8
DA:53,7
DA:56,1
DA:59,11
DA:60,0
DA:62,0
DA:63,0
DA:64,0
DA:65,0
DA:68,0
DA:70,0
DA:71,0
DA:75,0
DA:76,0
DA:81,0
DA:82,0
DA:84,0
DA:88,0
DA:89,0
DA:93,11
DA:94,9
DA:95,9
DA:97,8
DA:98,8
DA:99,6
DA:100,1
DA:106,5
DA:107,5
DA:108,1
DA:111,5
LF:54
LH:39
BRDA:14,0,0,2
BRDA:14,0,1,6
BRDA:23,1,0,2
BRDA:23,1,1,9
BRDA:23,2,0,11
BRDA:23,2,1,10
BRDA:23,2,2,9
BRDA:30,3,0,1
BRDA:30,3,1,8
BRDA:38,4,0,6
BRDA:38,4,1,2
BRDA:39,5,0,6
BRDA:39,5,1,2
BRDA:41,6,0,4
BRDA:41,6,1,4
BRDA:44,7,0,4
BRDA:44,7,1,4
BRDA:48,8,0,1
BRDA:48,8,1,7
BRDA:48,9,0,8
BRDA:48,9,1,4
BRDA:48,9,2,2
BRDA:52,10,0,7
BRDA:52,10,1,1
BRDA:63,11,0,0
BRDA:63,11,1,0
BRDA:70,12,0,0
BRDA:70,12,1,0
BRDA:75,13,0,0
BRDA:75,13,1,0
BRDA:88,14,0,0
BRDA:88,14,1,0
BRDA:97,15,0,8
BRDA:97,15,1,0
BRDA:99,16,0,1
BRDA:99,16,1,5
BRDA:107,17,0,1
BRDA:107,17,1,4
BRF:38
BRH:29
end_of_record
TN:
SF:lib/utils/config-validation/request-certificate-validation.mjs
FN:3,(anonymous_0)
FNF:1
FNH:1
FNDA:3,(anonymous_0)
DA:3,2
DA:4,3
LF:2
LH:2
BRF:0
BRH:0
end_of_record
TN:
SF:lib/utils/config-validation/secrets-validator.mjs
FN:1,(anonymous_0)
FN:8,(anonymous_1)
FN:9,(anonymous_2)
FN:10,(anonymous_3)
FNF:4
FNH:4
FNDA:16,(anonymous_0)
FNDA:31,(anonymous_1)
FNDA:31,(anonymous_2)
FNDA:50,(anonymous_3)
DA:1,3
DA:2,16
DA:3,5
DA:6,11
DA:8,31
DA:9,31
DA:10,50
DA:12,11
DA:13,2
DA:18,11
DA:19,8
DA:24,11
DA:25,12
DA:26,0
DA:32,11
DA:33,9
LF:16
LH:15
BRDA:1,0,0,10
BRDA:2,1,0,5
BRDA:2,1,1,11
BRDA:2,2,0,16
BRDA:2,2,1,14
BRDA:2,2,2,12
BRDA:12,3,0,2
BRDA:12,3,1,9
BRDA:18,4,0,8
BRDA:18,4,1,3
BRDA:25,5,0,0
BRDA:25,5,1,12
BRDA:25,6,0,12
BRDA:25,6,1,3
BRDA:32,7,0,9
BRDA:32,7,1,2
BRF:16
BRH:15
end_of_record
TN:
SF:lib/utils/config-validation/validation-error-handler.mjs
FN:1,(anonymous_0)
FN:10,(anonymous_1)
FN:11,(anonymous_2)
FNF:3
FNH:0
FNDA:0,(anonymous_0)
FNDA:0,(anonymous_1)
FNDA:0,(anonymous_2)
DA:1,2
DA:2,0
DA:3,0
DA:10,2
DA:11,0
LF:5
LH:2
BRF:0
BRH:0
end_of_record
TN:
SF:lib/utils/config-validation/validation-rules.mjs
FNF:0
FNH:0
DA:1,3
LF:1
LH:1
BRF:0
BRH:0
end_of_record
TN:
SF:test/random-pick.mjs
FN:3,cryptoPickOne
FNF:1
FNH:1
FNDA:735,cryptoPickOne
DA:4,735
DA:5,0
DA:7,735
DA:8,735
LF:4
LH:3
BRDA:4,0,0,0
BRDA:4,0,1,735
BRDA:4,1,0,735
BRDA:4,1,1,735
BRF:4
BRH:3
end_of_record
TN:
SF:test/factories/mock-factory.mjs
FN:6,(anonymous_0)
FN:15,(anonymous_1)
FN:26,(anonymous_2)
FN:35,(anonymous_3)
FN:36,(anonymous_4)
FN:39,(anonymous_5)
FN:44,(anonymous_6)
FN:51,(anonymous_7)
FN:58,(anonymous_8)
FN:66,(anonymous_9)
FN:83,(anonymous_10)
FN:86,(anonymous_11)
FNF:12
FNH:8
FNDA:27,(anonymous_0)
FNDA:9,(anonymous_1)
FNDA:9,(anonymous_2)
FNDA:6,(anonymous_3)
FNDA:0,(anonymous_4)
FNDA:0,(anonymous_5)
FNDA:0,(anonymous_6)
FNDA:6,(anonymous_7)
FNDA:6,(anonymous_8)
FNDA:6,(anonymous_9)
FNDA:0,(anonymous_10)
FNDA:6,(anonymous_11)
DA:6,7
DA:7,27
DA:12,27
DA:15,7
DA:16,9
DA:24,9
DA:26,9
DA:28,9
DA:35,7
DA:36,6
DA:39,0
DA:43,6
DA:44,0
DA:51,7
DA:58,7
DA:59,6
DA:60,6
DA:66,7
DA:83,0
DA:86,7
DA:87,6
LF:21
LH:18
BRDA:6,0,0,27
BRDA:15,1,0,8
BRF:2
BRH:2
end_of_record
TN:
SF:test/factories/test-credential-generator.mjs
FN:3,(anonymous_0)
FN:4,(anonymous_1)
FNF:2
FNH:2
FNDA:4,(anonymous_0)
FNDA:12,(anonymous_1)
DA:3,4
DA:4,4
DA:5,12
DA:10,12
DA:13,4
LF:5
LH:5
BRDA:3,0,0,4
BRF:1
BRH:1
end_of_record
TN:
SF:test/fixtures/base-payload.mjs
FN:18,(anonymous_0)
FN:22,(anonymous_1)
FN:33,(anonymous_2)
FN:34,(anonymous_3)
FN:43,(anonymous_4)
FN:52,(anonymous_5)
FN:64,(anonymous_6)
FNF:7
FNH:7
FNDA:12,(anonymous_0)
FNDA:312,(anonymous_1)
FNDA:12,(anonymous_2)
FNDA:12,(anonymous_3)
FNDA:12,(anonymous_4)
FNDA:12,(anonymous_5)
FNDA:12,(anonymous_6)
DA:7,3
DA:9,3
DA:17,3
DA:19,12
DA:20,12
DA:22,312
DA:24,12
DA:26,12
DA:27,12
DA:29,12
DA:31,12
DA:33,12
DA:36,12
DA:39,12
DA:43,3
DA:44,12
DA:45,12
DA:46,12
DA:49,12
DA:52,3
DA:53,12
DA:60,12
DA:64,3
DA:87,12
DA:89,12
DA:90,0
DA:92,12
DA:93,12
DA:95,12
LF:29
LH:28
BRDA:22,0,0,312
BRDA:22,0,1,300
BRDA:36,1,0,12
BRDA:36,1,1,0
BRDA:36,2,0,12
BRDA:36,2,1,12
BRDA:64,3,0,0
BRDA:66,4,0,12
BRDA:68,5,0,12
BRDA:69,6,0,12
BRDA:70,7,0,12
BRDA:71,8,0,12
BRDA:72,9,0,12
BRDA:72,10,0,12
BRDA:72,10,1,12
BRDA:74,11,0,12
BRDA:75,12,0,12
BRDA:76,13,0,12
BRDA:77,14,0,12
BRDA:78,15,0,12
BRDA:79,16,0,12
BRDA:79,17,0,12
BRDA:79,17,1,12
BRDA:81,18,0,12
BRDA:89,19,0,0
BRDA:89,19,1,12
BRDA:92,20,0,12
BRDA:92,20,1,0
BRF:28
BRH:24
end_of_record
TN:
SF:test/fixtures/certificate-request-payload.mjs
FN:15,(anonymous_0)
FNF:1
FNH:1
FNDA:367,(anonymous_0)
DA:8,3
DA:15,3
DA:16,367
DA:17,367
DA:18,367
DA:19,367
LF:6
LH:6
BRDA:15,0,0,238
BRDA:16,1,0,367
BRDA:16,1,1,321
BRF:3
BRH:3
end_of_record
TN:
SF:test/fixtures/class-a-certificate-request-payload.mjs
FN:15,(anonymous_0)
FNF:1
FNH:1
FNDA:107,(anonymous_0)
DA:11,3
DA:13,3
DA:15,3
DA:19,107
DA:20,107
DA:21,107
DA:22,100
DA:24,7
DA:27,107
LF:9
LH:9
BRDA:15,0,0,5
BRDA:17,1,0,101
BRDA:18,2,0,107
BRDA:20,3,0,107
BRDA:20,3,1,104
BRDA:21,4,0,100
BRDA:21,4,1,7
BRF:7
BRH:7
end_of_record
TN:
SF:test/fixtures/class-b-certificate-request-payload.mjs
FN:15,(anonymous_0)
FNF:1
FNH:1
FNDA:124,(anonymous_0)
DA:11,3
DA:13,3
DA:15,3
DA:20,124
DA:21,124
DA:22,124
DA:23,9
DA:25,115
DA:28,124
LF:9
LH:9
BRDA:15,0,0,17
BRDA:17,1,0,124
BRDA:18,2,0,123
BRDA:19,3,0,112
BRDA:21,4,0,124
BRDA:21,4,1,121
BRDA:22,5,0,9
BRDA:22,5,1,115
BRF:8
BRH:8
end_of_record
TN:
SF:test/fixtures/class-c-certificate-request-payload.mjs
FN:10,(anonymous_0)
FNF:1
FNH:1
FNDA:95,(anonymous_0)
DA:6,3
DA:8,3
DA:10,3
DA:11,95
DA:12,95
DA:13,17
DA:15,78
DA:18,95
LF:8
LH:8
BRDA:10,0,0,3
BRDA:11,1,0,95
BRDA:11,1,1,90
BRDA:12,2,0,17
BRDA:12,2,1,78
BRF:5
BRH:5
end_of_record
TN:
SF:test/fixtures/class-d-certificate-request-payload.mjs
FN:17,(anonymous_0)
FNF:1
FNH:1
FNDA:94,(anonymous_0)
DA:13,3
DA:15,3
DA:17,3
DA:18,94
DA:19,82
DA:22,94
DA:23,94
DA:24,92
DA:26,2
DA:29,94
DA:30,94
DA:35,55
DA:37,39
DA:40,94
DA:43,38
DA:45,56
DA:48,94
LF:17
LH:17
BRDA:17,0,0,3
BRDA:18,1,0,82
BRDA:18,1,1,12
BRDA:22,2,0,94
BRDA:22,2,1,89
BRDA:23,3,0,92
BRDA:23,3,1,2
BRDA:30,4,0,55
BRDA:30,4,1,39
BRDA:40,5,0,38
BRDA:40,5,1,56
BRF:11
BRH:11
end_of_record
TN:
SF:test/mocks/mocks.mjs
FNF:0
FNH:0
DA:10,6
DA:11,6
DA:12,6
DA:13,6
DA:14,6
DA:15,6
DA:16,6
DA:17,6
DA:18,6
LF:9
LH:9
BRF:0
BRH:0
end_of_record
